Flow report for MusicLab
Mon Mar 11 11:21:05 2019
Quartus II Version 7.2 Build 207 03/18/2008 Service Pack 3 SJ Web Edition


---------------------
; Table of Contents ;
---------------------
  1. Legal Notice
  2. Flow Summary
  3. Flow Settings
  4. Flow Non-Default Global Settings
  5. Flow Elapsed Time
  6. Flow Log



----------------
; Legal Notice ;
----------------
Copyright (C) 1991-2007 Altera Corporation
Your use of Altera Corporation's design tools, logic functions 
and other software and tools, and its AMPP partner logic 
functions, and any output files from any of the foregoing 
(including device programming or simulation files), and any 
associated documentation or information are expressly subject 
to the terms and conditions of the Altera Program License 
Subscription Agreement, Altera MegaCore Function License 
Agreement, or other applicable license agreement, including, 
without limitation, that your use is for the sole purpose of 
programming logic devices manufactured by Altera and sold by 
Altera or its authorized distributors.  Please refer to the 
applicable agreement for further details.



+-------------------------------------------------------------------------+
; Flow Summary                                                            ;
+--------------------------+----------------------------------------------+
; Flow Status              ; Successful - Mon Mar 11 11:21:05 2019        ;
; Quartus II Version       ; 7.2 Build 207 03/18/2008 SP 3 SJ Web Edition ;
; Revision Name            ; MusicLab                                     ;
; Top-level Entity Name    ; MusicLab                                     ;
; Family                   ; MAX II                                       ;
; Met timing requirements  ; Yes                                          ;
; Total logic elements     ; 3 / 240 ( 1 % )                              ;
; Total pins               ; 3 / 80 ( 4 % )                               ;
; Total virtual pins       ; 0                                            ;
; Total memory bits        ; 0                                            ;
; DSP block 9-bit elements ; 0                                            ;
; Total PLLs               ; 0                                            ;
; Total DLLs               ; 0                                            ;
; Device                   ; EPM240T100C3                                 ;
; Timing Models            ; Final                                        ;
; UFM blocks               ; 0 / 1 ( 0 % )                                ;
+--------------------------+----------------------------------------------+


+-----------------------------------------+
; Flow Settings                           ;
+-------------------+---------------------+
; Option            ; Setting             ;
+-------------------+---------------------+
; Start date & time ; 03/11/2019 11:20:47 ;
; Main task         ; Compilation         ;
; Revision Name     ; MusicLab            ;
+-------------------+---------------------+


+---------------------------------------------------------------------------------------+
; Flow Non-Default Global Settings                                                      ;
+------------------------------------+-------+---------------+-------------+------------+
; Assignment Name                    ; Value ; Default Value ; Entity Name ; Section Id ;
+------------------------------------+-------+---------------+-------------+------------+
; USE_GENERATED_PHYSICAL_CONSTRAINTS ; Off   ; --            ; --          ; eda_palace ;
+------------------------------------+-------+---------------+-------------+------------+


+------------------------------------------------------------------+
; Flow Elapsed Time                                                ;
+-------------------------+--------------+-------------------------+
; Module Name             ; Elapsed Time ; Average Processors Used ;
+-------------------------+--------------+-------------------------+
; Analysis & Synthesis    ; 00:00:02     ; 1.0                     ;
; Fitter                  ; 00:00:05     ; 1.0                     ;
; Assembler               ; 00:00:02     ; 1.0                     ;
; Classic Timing Analyzer ; 00:00:01     ; 1.0                     ;
; Total                   ; 00:00:10     ; --                      ;
+-------------------------+--------------+-------------------------+


------------
; Flow Log ;
------------
quartus_map --read_settings_files=on --write_settings_files=off MusicLab -c MusicLab
quartus_fit --read_settings_files=off --write_settings_files=off MusicLab -c MusicLab
quartus_asm --read_settings_files=off --write_settings_files=off MusicLab -c MusicLab
quartus_tan --read_settings_files=off --write_settings_files=off MusicLab -c MusicLab



