Analysis & Synthesis report for robotmain
Mon Feb 11 17:00:12 2019
Quartus II Version 7.2 Build 207 03/18/2008 Service Pack 3 SJ Web Edition


---------------------
; Table of Contents ;
---------------------
  1. Legal Notice
  2. Analysis & Synthesis Summary
  3. Analysis & Synthesis Settings
  4. Analysis & Synthesis Source Files Read
  5. Analysis & Synthesis Resource Usage Summary
  6. Analysis & Synthesis Resource Utilization by Entity
  7. General Register Statistics
  8. Source assignments for BigCount:inst23|lpm_counter:lpm_counter_component
  9. Parameter Settings for User Entity Instance: Digit_decode:inst26|lpm_decode:lpm_decode_component
 10. Parameter Settings for User Entity Instance: BigCount:inst23|lpm_counter:lpm_counter_component
 11. Parameter Settings for User Entity Instance: Display_mux:inst24|LPM_MUX:lpm_mux_component
 12. Parameter Settings for User Entity Instance: Colon_mux:inst25|LPM_MUX:lpm_mux_component
 13. Analysis & Synthesis Messages



----------------
; Legal Notice ;
----------------
Copyright (C) 1991-2007 Altera Corporation
Your use of Altera Corporation's design tools, logic functions 
and other software and tools, and its AMPP partner logic 
functions, and any output files from any of the foregoing 
(including device programming or simulation files), and any 
associated documentation or information are expressly subject 
to the terms and conditions of the Altera Program License 
Subscription Agreement, Altera MegaCore Function License 
Agreement, or other applicable license agreement, including, 
without limitation, that your use is for the sole purpose of 
programming logic devices manufactured by Altera and sold by 
Altera or its authorized distributors.  Please refer to the 
applicable agreement for further details.



+----------------------------------------------------------------------------+
; Analysis & Synthesis Summary                                               ;
+-----------------------------+----------------------------------------------+
; Analysis & Synthesis Status ; Successful - Mon Feb 11 17:00:12 2019        ;
; Quartus II Version          ; 7.2 Build 207 03/18/2008 SP 3 SJ Web Edition ;
; Revision Name               ; robotmain                                    ;
; Top-level Entity Name       ; robotmain                                    ;
; Family                      ; MAX II                                       ;
; Total logic elements        ; 42                                           ;
; Total pins                  ; 37                                           ;
; Total virtual pins          ; 0                                            ;
; Total memory bits           ; 0                                            ;
; DSP block 9-bit elements    ; 0                                            ;
; Total PLLs                  ; 0                                            ;
; Total DLLs                  ; 0                                            ;
+-----------------------------+----------------------------------------------+


+--------------------------------------------------------------------------------------------------------------------------+
; Analysis & Synthesis Settings                                                                                            ;
+--------------------------------------------------------------------------------+--------------------+--------------------+
; Option                                                                         ; Setting            ; Default Value      ;
+--------------------------------------------------------------------------------+--------------------+--------------------+
; Device                                                                         ; EPM240T100C5       ;                    ;
; Top-level entity name                                                          ; robotmain          ; robotmain          ;
; Family name                                                                    ; MAX II             ; Stratix II         ;
; Use Generated Physical Constraints File                                        ; Off                ;                    ;
; Use smart compilation                                                          ; Off                ; Off                ;
; Maximum processors allowed for parallel compilation                            ; 1                  ; 1                  ;
; Restructure Multiplexers                                                       ; Auto               ; Auto               ;
; Create Debugging Nodes for IP Cores                                            ; Off                ; Off                ;
; Preserve fewer node names                                                      ; On                 ; On                 ;
; Disable OpenCore Plus hardware evaluation                                      ; Off                ; Off                ;
; Verilog Version                                                                ; Verilog_2001       ; Verilog_2001       ;
; VHDL Version                                                                   ; VHDL93             ; VHDL93             ;
; State Machine Processing                                                       ; Auto               ; Auto               ;
; Safe State Machine                                                             ; Off                ; Off                ;
; Extract Verilog State Machines                                                 ; On                 ; On                 ;
; Extract VHDL State Machines                                                    ; On                 ; On                 ;
; Ignore Verilog initial constructs                                              ; Off                ; Off                ;
; Add Pass-Through Logic to Inferred RAMs                                        ; On                 ; On                 ;
; Parallel Synthesis                                                             ; Off                ; Off                ;
; NOT Gate Push-Back                                                             ; On                 ; On                 ;
; Power-Up Don't Care                                                            ; On                 ; On                 ;
; Remove Redundant Logic Cells                                                   ; Off                ; Off                ;
; Remove Duplicate Registers                                                     ; On                 ; On                 ;
; Ignore CARRY Buffers                                                           ; Off                ; Off                ;
; Ignore CASCADE Buffers                                                         ; Off                ; Off                ;
; Ignore GLOBAL Buffers                                                          ; Off                ; Off                ;
; Ignore ROW GLOBAL Buffers                                                      ; Off                ; Off                ;
; Ignore LCELL Buffers                                                           ; Off                ; Off                ;
; Ignore SOFT Buffers                                                            ; On                 ; On                 ;
; Limit AHDL Integers to 32 Bits                                                 ; Off                ; Off                ;
; Optimization Technique -- MAX II                                               ; Balanced           ; Balanced           ;
; Carry Chain Length -- Stratix/Stratix GX/Cyclone/MAX II/Cyclone II/Cyclone III ; 70                 ; 70                 ;
; Auto Carry Chains                                                              ; On                 ; On                 ;
; Auto Open-Drain Pins                                                           ; On                 ; On                 ;
; Perform WYSIWYG Primitive Resynthesis                                          ; Off                ; Off                ;
; Perform gate-level register retiming                                           ; Off                ; Off                ;
; Allow register retiming to trade off Tsu/Tco with Fmax                         ; On                 ; On                 ;
; Auto Shift Register Replacement                                                ; Auto               ; Auto               ;
; Auto Clock Enable Replacement                                                  ; On                 ; On                 ;
; Allow Synchronous Control Signals                                              ; On                 ; On                 ;
; Force Use of Synchronous Clear Signals                                         ; Off                ; Off                ;
; Auto Resource Sharing                                                          ; Off                ; Off                ;
; Ignore translate_off and synthesis_off directives                              ; Off                ; Off                ;
; Show Parameter Settings Tables in Synthesis Report                             ; On                 ; On                 ;
; Ignore Maximum Fan-Out Assignments                                             ; Off                ; Off                ;
; Retiming Meta-Stability Register Sequence Length                               ; 2                  ; 2                  ;
; PowerPlay Power Optimization                                                   ; Normal compilation ; Normal compilation ;
; HDL message level                                                              ; Level2             ; Level2             ;
; Suppress Register Optimization Related Messages                                ; Off                ; Off                ;
; Number of Removed Registers Reported in Synthesis Report                       ; 100                ; 100                ;
; Clock MUX Protection                                                           ; On                 ; On                 ;
; Block Design Naming                                                            ; Auto               ; Auto               ;
+--------------------------------------------------------------------------------+--------------------+--------------------+


+-------------------------------------------------------------------------------------------------------------------------------------------------------------------+
; Analysis & Synthesis Source Files Read                                                                                                                            ;
+----------------------------------+-----------------+------------------------------------+-------------------------------------------------------------------------+
; File Name with User-Entered Path ; Used in Netlist ; File Type                          ; File Name with Absolute Path                                            ;
+----------------------------------+-----------------+------------------------------------+-------------------------------------------------------------------------+
; robotmain.bdf                    ; yes             ; User Block Diagram/Schematic File  ; H:/Work/ADLD/ADLDweiss/robotmain.bdf                                    ;
; Seven_Seg_Driver.vhd             ; yes             ; User VHDL File                     ; H:/Work/ADLD/ADLDweiss/Seven_Seg_Driver.vhd                             ;
; Digit_decode.vhd                 ; yes             ; Other                              ; H:/Work/ADLD/ADLDweiss/Digit_decode.vhd                                 ;
; lpm_decode.tdf                   ; yes             ; Megafunction                       ; c:/altera/72sp3/quartus/libraries/megafunctions/lpm_decode.tdf          ;
; declut.inc                       ; yes             ; Megafunction                       ; c:/altera/72sp3/quartus/libraries/megafunctions/declut.inc              ;
; altshift.inc                     ; yes             ; Megafunction                       ; c:/altera/72sp3/quartus/libraries/megafunctions/altshift.inc            ;
; lpm_compare.inc                  ; yes             ; Megafunction                       ; c:/altera/72sp3/quartus/libraries/megafunctions/lpm_compare.inc         ;
; lpm_constant.inc                 ; yes             ; Megafunction                       ; c:/altera/72sp3/quartus/libraries/megafunctions/lpm_constant.inc        ;
; aglobal72.inc                    ; yes             ; Megafunction                       ; c:/altera/72sp3/quartus/libraries/megafunctions/aglobal72.inc           ;
; db/decode_gpe.tdf                ; yes             ; Auto-Generated Megafunction        ; H:/Work/ADLD/ADLDweiss/db/decode_gpe.tdf                                ;
; BigCount.vhd                     ; yes             ; Other                              ; H:/Work/ADLD/ADLDweiss/BigCount.vhd                                     ;
; lpm_counter.tdf                  ; yes             ; Megafunction                       ; c:/altera/72sp3/quartus/libraries/megafunctions/lpm_counter.tdf         ;
; lpm_decode.inc                   ; yes             ; Megafunction                       ; c:/altera/72sp3/quartus/libraries/megafunctions/lpm_decode.inc          ;
; lpm_add_sub.inc                  ; yes             ; Megafunction                       ; c:/altera/72sp3/quartus/libraries/megafunctions/lpm_add_sub.inc         ;
; cmpconst.inc                     ; yes             ; Megafunction                       ; c:/altera/72sp3/quartus/libraries/megafunctions/cmpconst.inc            ;
; lpm_counter.inc                  ; yes             ; Megafunction                       ; c:/altera/72sp3/quartus/libraries/megafunctions/lpm_counter.inc         ;
; dffeea.inc                       ; yes             ; Megafunction                       ; c:/altera/72sp3/quartus/libraries/megafunctions/dffeea.inc              ;
; alt_synch_counter.inc            ; yes             ; Megafunction                       ; c:/altera/72sp3/quartus/libraries/megafunctions/alt_synch_counter.inc   ;
; alt_synch_counter_f.inc          ; yes             ; Megafunction                       ; c:/altera/72sp3/quartus/libraries/megafunctions/alt_synch_counter_f.inc ;
; alt_counter_f10ke.inc            ; yes             ; Megafunction                       ; c:/altera/72sp3/quartus/libraries/megafunctions/alt_counter_f10ke.inc   ;
; alt_counter_stratix.inc          ; yes             ; Megafunction                       ; c:/altera/72sp3/quartus/libraries/megafunctions/alt_counter_stratix.inc ;
; db/cntr_49h.tdf                  ; yes             ; Auto-Generated Megafunction        ; H:/Work/ADLD/ADLDweiss/db/cntr_49h.tdf                                  ;
; Display_mux.vhd                  ; yes             ; Other                              ; H:/Work/ADLD/ADLDweiss/Display_mux.vhd                                  ;
; LPM_MUX.tdf                      ; yes             ; Megafunction                       ; c:/altera/72sp3/quartus/libraries/megafunctions/LPM_MUX.tdf             ;
; muxlut.inc                       ; yes             ; Megafunction                       ; c:/altera/72sp3/quartus/libraries/megafunctions/muxlut.inc              ;
; bypassff.inc                     ; yes             ; Megafunction                       ; c:/altera/72sp3/quartus/libraries/megafunctions/bypassff.inc            ;
; db/mux_vld.tdf                   ; yes             ; Auto-Generated Megafunction        ; H:/Work/ADLD/ADLDweiss/db/mux_vld.tdf                                   ;
; Colon_mux.vhd                    ; yes             ; Other                              ; H:/Work/ADLD/ADLDweiss/Colon_mux.vhd                                    ;
; db/mux_sld.tdf                   ; yes             ; Auto-Generated Megafunction        ; H:/Work/ADLD/ADLDweiss/db/mux_sld.tdf                                   ;
+----------------------------------+-----------------+------------------------------------+-------------------------------------------------------------------------+


+---------------------------------------------------------+
; Analysis & Synthesis Resource Usage Summary             ;
+---------------------------------------------+-----------+
; Resource                                    ; Usage     ;
+---------------------------------------------+-----------+
; Total logic elements                        ; 42        ;
;     -- Combinational with no register       ; 17        ;
;     -- Register only                        ; 0         ;
;     -- Combinational with a register        ; 25        ;
;                                             ;           ;
; Logic element usage by number of LUT inputs ;           ;
;     -- 4 input functions                    ; 9         ;
;     -- 3 input functions                    ; 4         ;
;     -- 2 input functions                    ; 28        ;
;     -- 1 input functions                    ; 1         ;
;     -- 0 input functions                    ; 0         ;
;                                             ;           ;
; Logic elements by mode                      ;           ;
;     -- normal mode                          ; 18        ;
;     -- arithmetic mode                      ; 24        ;
;     -- qfbk mode                            ; 0         ;
;     -- register cascade mode                ; 0         ;
;     -- synchronous clear/load mode          ; 0         ;
;     -- asynchronous clear/load mode         ; 0         ;
;                                             ;           ;
; Total registers                             ; 25        ;
; Total logic cells in carry chains           ; 25        ;
; I/O pins                                    ; 37        ;
; Maximum fan-out node                        ; CLK_50MHZ ;
; Maximum fan-out                             ; 25        ;
; Total fan-out                               ; 142       ;
; Average fan-out                             ; 1.80      ;
+---------------------------------------------+-----------+


+------------------------------------------------------------------------------------------------------------------------------------------------------------------------------------------------------------------------------------------------------------------------------------------------------------------------------------------------------------+
; Analysis & Synthesis Resource Utilization by Entity                                                                                                                                                                                                                                                                                                        ;
+-------------------------------------------+-------------+--------------+-------------+--------------+---------+-----------+-----------+------+--------------+--------------+-------------------+------------------+-----------------+------------+------------------------------------------------------------------------------------------+--------------+
; Compilation Hierarchy Node                ; Logic Cells ; LC Registers ; Memory Bits ; DSP Elements ; DSP 9x9 ; DSP 18x18 ; DSP 36x36 ; Pins ; Virtual Pins ; LUT-Only LCs ; Register-Only LCs ; LUT/Register LCs ; Carry Chain LCs ; Packed LCs ; Full Hierarchy Name                                                                      ; Library Name ;
+-------------------------------------------+-------------+--------------+-------------+--------------+---------+-----------+-----------+------+--------------+--------------+-------------------+------------------+-----------------+------------+------------------------------------------------------------------------------------------+--------------+
; |robotmain                                ; 42 (0)      ; 25           ; 0           ; 0            ; 0       ; 0         ; 0         ; 37   ; 0            ; 17 (0)       ; 0 (0)             ; 25 (0)           ; 25 (0)          ; 0 (0)      ; |robotmain                                                                               ; work         ;
;    |BigCount:inst23|                      ; 25 (0)      ; 25           ; 0           ; 0            ; 0       ; 0         ; 0         ; 0    ; 0            ; 0 (0)        ; 0 (0)             ; 25 (0)           ; 25 (0)          ; 0 (0)      ; |robotmain|BigCount:inst23                                                               ; work         ;
;       |lpm_counter:lpm_counter_component| ; 25 (0)      ; 25           ; 0           ; 0            ; 0       ; 0         ; 0         ; 0    ; 0            ; 0 (0)        ; 0 (0)             ; 25 (0)           ; 25 (0)          ; 0 (0)      ; |robotmain|BigCount:inst23|lpm_counter:lpm_counter_component                             ; work         ;
;          |cntr_49h:auto_generated|        ; 25 (25)     ; 25           ; 0           ; 0            ; 0       ; 0         ; 0         ; 0    ; 0            ; 0 (0)        ; 0 (0)             ; 25 (25)          ; 25 (25)         ; 0 (0)      ; |robotmain|BigCount:inst23|lpm_counter:lpm_counter_component|cntr_49h:auto_generated     ; work         ;
;    |Colon_mux:inst25|                     ; 2 (0)       ; 0            ; 0           ; 0            ; 0       ; 0         ; 0         ; 0    ; 0            ; 2 (0)        ; 0 (0)             ; 0 (0)            ; 0 (0)           ; 0 (0)      ; |robotmain|Colon_mux:inst25                                                              ; work         ;
;       |lpm_mux:lpm_mux_component|         ; 2 (0)       ; 0            ; 0           ; 0            ; 0       ; 0         ; 0         ; 0    ; 0            ; 2 (0)        ; 0 (0)             ; 0 (0)            ; 0 (0)           ; 0 (0)      ; |robotmain|Colon_mux:inst25|lpm_mux:lpm_mux_component                                    ; work         ;
;          |mux_sld:auto_generated|         ; 2 (2)       ; 0            ; 0           ; 0            ; 0       ; 0         ; 0         ; 0    ; 0            ; 2 (2)        ; 0 (0)             ; 0 (0)            ; 0 (0)           ; 0 (0)      ; |robotmain|Colon_mux:inst25|lpm_mux:lpm_mux_component|mux_sld:auto_generated             ; work         ;
;    |Digit_decode:inst26|                  ; 4 (0)       ; 0            ; 0           ; 0            ; 0       ; 0         ; 0         ; 0    ; 0            ; 4 (0)        ; 0 (0)             ; 0 (0)            ; 0 (0)           ; 0 (0)      ; |robotmain|Digit_decode:inst26                                                           ; work         ;
;       |lpm_decode:lpm_decode_component|   ; 4 (0)       ; 0            ; 0           ; 0            ; 0       ; 0         ; 0         ; 0    ; 0            ; 4 (0)        ; 0 (0)             ; 0 (0)            ; 0 (0)           ; 0 (0)      ; |robotmain|Digit_decode:inst26|lpm_decode:lpm_decode_component                           ; work         ;
;          |decode_gpe:auto_generated|      ; 4 (4)       ; 0            ; 0           ; 0            ; 0       ; 0         ; 0         ; 0    ; 0            ; 4 (4)        ; 0 (0)             ; 0 (0)            ; 0 (0)           ; 0 (0)      ; |robotmain|Digit_decode:inst26|lpm_decode:lpm_decode_component|decode_gpe:auto_generated ; work         ;
;    |Display_mux:inst24|                   ; 4 (0)       ; 0            ; 0           ; 0            ; 0       ; 0         ; 0         ; 0    ; 0            ; 4 (0)        ; 0 (0)             ; 0 (0)            ; 0 (0)           ; 0 (0)      ; |robotmain|Display_mux:inst24                                                            ; work         ;
;       |lpm_mux:lpm_mux_component|         ; 4 (0)       ; 0            ; 0           ; 0            ; 0       ; 0         ; 0         ; 0    ; 0            ; 4 (0)        ; 0 (0)             ; 0 (0)            ; 0 (0)           ; 0 (0)      ; |robotmain|Display_mux:inst24|lpm_mux:lpm_mux_component                                  ; work         ;
;          |mux_vld:auto_generated|         ; 4 (4)       ; 0            ; 0           ; 0            ; 0       ; 0         ; 0         ; 0    ; 0            ; 4 (4)        ; 0 (0)             ; 0 (0)            ; 0 (0)           ; 0 (0)      ; |robotmain|Display_mux:inst24|lpm_mux:lpm_mux_component|mux_vld:auto_generated           ; work         ;
;    |Seven_Seg_Driver:inst27|              ; 7 (7)       ; 0            ; 0           ; 0            ; 0       ; 0         ; 0         ; 0    ; 0            ; 7 (7)        ; 0 (0)             ; 0 (0)            ; 0 (0)           ; 0 (0)      ; |robotmain|Seven_Seg_Driver:inst27                                                       ; work         ;
+-------------------------------------------+-------------+--------------+-------------+--------------+---------+-----------+-----------+------+--------------+--------------+-------------------+------------------+-----------------+------------+------------------------------------------------------------------------------------------+--------------+
Note: For table entries with two numbers listed, the numbers in parentheses indicate the number of resources of the given type used by the specific entity alone. The numbers listed outside of parentheses indicate the total resources of the given type used by the specific entity and all of its sub-entities in the hierarchy.


+------------------------------------------------------+
; General Register Statistics                          ;
+----------------------------------------------+-------+
; Statistic                                    ; Value ;
+----------------------------------------------+-------+
; Total registers                              ; 25    ;
; Number of registers using Synchronous Clear  ; 0     ;
; Number of registers using Synchronous Load   ; 0     ;
; Number of registers using Asynchronous Clear ; 0     ;
; Number of registers using Asynchronous Load  ; 0     ;
; Number of registers using Clock Enable       ; 0     ;
; Number of registers using Preset             ; 0     ;
+----------------------------------------------+-------+


+--------------------------------------------------------------------------+
; Source assignments for BigCount:inst23|lpm_counter:lpm_counter_component ;
+---------------------------+-------+------+-------------------------------+
; Assignment                ; Value ; From ; To                            ;
+---------------------------+-------+------+-------------------------------+
; SUPPRESS_DA_RULE_INTERNAL ; a101  ; -    ; -                             ;
; SUPPRESS_DA_RULE_INTERNAL ; s102  ; -    ; -                             ;
; SUPPRESS_DA_RULE_INTERNAL ; s103  ; -    ; -                             ;
+---------------------------+-------+------+-------------------------------+


+--------------------------------------------------------------------------------------------------+
; Parameter Settings for User Entity Instance: Digit_decode:inst26|lpm_decode:lpm_decode_component ;
+------------------------+------------+------------------------------------------------------------+
; Parameter Name         ; Value      ; Type                                                       ;
+------------------------+------------+------------------------------------------------------------+
; LPM_WIDTH              ; 2          ; Signed Integer                                             ;
; LPM_DECODES            ; 4          ; Signed Integer                                             ;
; LPM_PIPELINE           ; 0          ; Untyped                                                    ;
; CASCADE_CHAIN          ; MANUAL     ; Untyped                                                    ;
; DEVICE_FAMILY          ; MAX II     ; Untyped                                                    ;
; CBXI_PARAMETER         ; decode_gpe ; Untyped                                                    ;
; AUTO_CARRY_CHAINS      ; ON         ; AUTO_CARRY                                                 ;
; IGNORE_CARRY_BUFFERS   ; OFF        ; IGNORE_CARRY                                               ;
; AUTO_CASCADE_CHAINS    ; ON         ; AUTO_CASCADE                                               ;
; IGNORE_CASCADE_BUFFERS ; OFF        ; IGNORE_CASCADE                                             ;
+------------------------+------------+------------------------------------------------------------+
Note: In order to hide this table in the UI and the text report file, please set the "Show Parameter Settings Tables in Synthesis Report" option in "Analysis and Synthesis Settings -> More Settings" to "Off".


+------------------------------------------------------------------------------------------------+
; Parameter Settings for User Entity Instance: BigCount:inst23|lpm_counter:lpm_counter_component ;
+------------------------+-------------+---------------------------------------------------------+
; Parameter Name         ; Value       ; Type                                                    ;
+------------------------+-------------+---------------------------------------------------------+
; AUTO_CARRY_CHAINS      ; ON          ; AUTO_CARRY                                              ;
; IGNORE_CARRY_BUFFERS   ; OFF         ; IGNORE_CARRY                                            ;
; AUTO_CASCADE_CHAINS    ; ON          ; AUTO_CASCADE                                            ;
; IGNORE_CASCADE_BUFFERS ; OFF         ; IGNORE_CASCADE                                          ;
; LPM_WIDTH              ; 25          ; Signed Integer                                          ;
; LPM_DIRECTION          ; UP          ; Untyped                                                 ;
; LPM_MODULUS            ; 0           ; Untyped                                                 ;
; LPM_AVALUE             ; UNUSED      ; Untyped                                                 ;
; LPM_SVALUE             ; UNUSED      ; Untyped                                                 ;
; LPM_PORT_UPDOWN        ; PORT_UNUSED ; Untyped                                                 ;
; DEVICE_FAMILY          ; MAX II      ; Untyped                                                 ;
; CARRY_CHAIN            ; MANUAL      ; Untyped                                                 ;
; CARRY_CHAIN_LENGTH     ; 48          ; CARRY_CHAIN_LENGTH                                      ;
; NOT_GATE_PUSH_BACK     ; ON          ; NOT_GATE_PUSH_BACK                                      ;
; CARRY_CNT_EN           ; SMART       ; Untyped                                                 ;
; LABWIDE_SCLR           ; ON          ; Untyped                                                 ;
; USE_NEW_VERSION        ; TRUE        ; Untyped                                                 ;
; CBXI_PARAMETER         ; cntr_49h    ; Untyped                                                 ;
+------------------------+-------------+---------------------------------------------------------+
Note: In order to hide this table in the UI and the text report file, please set the "Show Parameter Settings Tables in Synthesis Report" option in "Analysis and Synthesis Settings -> More Settings" to "Off".


+-------------------------------------------------------------------------------------------+
; Parameter Settings for User Entity Instance: Display_mux:inst24|LPM_MUX:lpm_mux_component ;
+------------------------+---------+--------------------------------------------------------+
; Parameter Name         ; Value   ; Type                                                   ;
+------------------------+---------+--------------------------------------------------------+
; AUTO_CARRY_CHAINS      ; ON      ; AUTO_CARRY                                             ;
; IGNORE_CARRY_BUFFERS   ; OFF     ; IGNORE_CARRY                                           ;
; AUTO_CASCADE_CHAINS    ; ON      ; AUTO_CASCADE                                           ;
; IGNORE_CASCADE_BUFFERS ; OFF     ; IGNORE_CASCADE                                         ;
; LPM_WIDTH              ; 4       ; Signed Integer                                         ;
; LPM_SIZE               ; 4       ; Signed Integer                                         ;
; LPM_WIDTHS             ; 2       ; Signed Integer                                         ;
; LPM_PIPELINE           ; 0       ; Signed Integer                                         ;
; CBXI_PARAMETER         ; mux_vld ; Untyped                                                ;
; DEVICE_FAMILY          ; MAX II  ; Untyped                                                ;
+------------------------+---------+--------------------------------------------------------+
Note: In order to hide this table in the UI and the text report file, please set the "Show Parameter Settings Tables in Synthesis Report" option in "Analysis and Synthesis Settings -> More Settings" to "Off".


+-----------------------------------------------------------------------------------------+
; Parameter Settings for User Entity Instance: Colon_mux:inst25|LPM_MUX:lpm_mux_component ;
+------------------------+---------+------------------------------------------------------+
; Parameter Name         ; Value   ; Type                                                 ;
+------------------------+---------+------------------------------------------------------+
; AUTO_CARRY_CHAINS      ; ON      ; AUTO_CARRY                                           ;
; IGNORE_CARRY_BUFFERS   ; OFF     ; IGNORE_CARRY                                         ;
; AUTO_CASCADE_CHAINS    ; ON      ; AUTO_CASCADE                                         ;
; IGNORE_CASCADE_BUFFERS ; OFF     ; IGNORE_CASCADE                                       ;
; LPM_WIDTH              ; 1       ; Signed Integer                                       ;
; LPM_SIZE               ; 4       ; Signed Integer                                       ;
; LPM_WIDTHS             ; 2       ; Signed Integer                                       ;
; LPM_PIPELINE           ; 0       ; Signed Integer                                       ;
; CBXI_PARAMETER         ; mux_sld ; Untyped                                              ;
; DEVICE_FAMILY          ; MAX II  ; Untyped                                              ;
+------------------------+---------+------------------------------------------------------+
Note: In order to hide this table in the UI and the text report file, please set the "Show Parameter Settings Tables in Synthesis Report" option in "Analysis and Synthesis Settings -> More Settings" to "Off".


+-------------------------------+
; Analysis & Synthesis Messages ;
+-------------------------------+
Info: *******************************************************************
Info: Running Quartus II Analysis & Synthesis
    Info: Version 7.2 Build 207 03/18/2008 Service Pack 3 SJ Web Edition
    Info: Processing started: Mon Feb 11 17:00:09 2019
Info: Command: quartus_map --read_settings_files=on --write_settings_files=off robotmain -c robotmain
Info: Found 1 design units, including 1 entities, in source file robotmain.bdf
    Info: Found entity 1: robotmain
Info: Found 2 design units, including 1 entities, in source file Seven_Seg_Driver.vhd
    Info: Found design unit 1: Seven_Seg_Driver-Structure
    Info: Found entity 1: Seven_Seg_Driver
Info: Elaborating entity "robotmain" for the top level hierarchy
Warning: Pin "Blue_Tooth_TX_Out" is missing source
Warning: Pin "LED_Blue" is missing source
Warning: Pin "LED_Green" is missing source
Warning: Pin "LED_RED" is missing source
Warning: Pin "Left_Servo" is missing source
Warning: Pin "Right_Servo" is missing source
Warning: Pin "Spare_Servo" is missing source
Warning: Pin "Speaker_74" is missing source
Warning: Pin "Speaker_82" is missing source
Warning: Pin "Hall" not connected
Warning: Pin "BlueTooth_RCV_In" not connected
Warning: Pin "Extra_Pin" not connected
Warning: Pin "Dip" not connected
Warning: Using design file Digit_decode.vhd, which is not specified as a design file for the current project, but contains definitions for 2 design units and 1 entities in project
    Info: Found design unit 1: digit_decode-SYN
    Info: Found entity 1: Digit_decode
Info: Elaborating entity "Digit_decode" for hierarchy "Digit_decode:inst26"
Info: Found 1 design units, including 1 entities, in source file c:/altera/72sp3/quartus/libraries/megafunctions/lpm_decode.tdf
    Info: Found entity 1: lpm_decode
Info: Elaborating entity "lpm_decode" for hierarchy "Digit_decode:inst26|lpm_decode:lpm_decode_component"
Info: Elaborated megafunction instantiation "Digit_decode:inst26|lpm_decode:lpm_decode_component"
Info: Found 1 design units, including 1 entities, in source file db/decode_gpe.tdf
    Info: Found entity 1: decode_gpe
Info: Elaborating entity "decode_gpe" for hierarchy "Digit_decode:inst26|lpm_decode:lpm_decode_component|decode_gpe:auto_generated"
Warning: Using design file BigCount.vhd, which is not specified as a design file for the current project, but contains definitions for 2 design units and 1 entities in project
    Info: Found design unit 1: bigcount-SYN
    Info: Found entity 1: BigCount
Info: Elaborating entity "BigCount" for hierarchy "BigCount:inst23"
Info: Found 1 design units, including 1 entities, in source file c:/altera/72sp3/quartus/libraries/megafunctions/lpm_counter.tdf
    Info: Found entity 1: lpm_counter
Info: Elaborating entity "lpm_counter" for hierarchy "BigCount:inst23|lpm_counter:lpm_counter_component"
Info: Elaborated megafunction instantiation "BigCount:inst23|lpm_counter:lpm_counter_component"
Info: Found 1 design units, including 1 entities, in source file db/cntr_49h.tdf
    Info: Found entity 1: cntr_49h
Info: Elaborating entity "cntr_49h" for hierarchy "BigCount:inst23|lpm_counter:lpm_counter_component|cntr_49h:auto_generated"
Info: Elaborating entity "Seven_Seg_Driver" for hierarchy "Seven_Seg_Driver:inst27"
Warning: Using design file Display_mux.vhd, which is not specified as a design file for the current project, but contains definitions for 2 design units and 1 entities in project
    Info: Found design unit 1: display_mux-SYN
    Info: Found entity 1: Display_mux
Info: Elaborating entity "Display_mux" for hierarchy "Display_mux:inst24"
Info: Found 1 design units, including 1 entities, in source file c:/altera/72sp3/quartus/libraries/megafunctions/LPM_MUX.tdf
    Info: Found entity 1: lpm_mux
Info: Elaborating entity "LPM_MUX" for hierarchy "Display_mux:inst24|LPM_MUX:lpm_mux_component"
Info: Elaborated megafunction instantiation "Display_mux:inst24|LPM_MUX:lpm_mux_component"
Info: Found 1 design units, including 1 entities, in source file db/mux_vld.tdf
    Info: Found entity 1: mux_vld
Info: Elaborating entity "mux_vld" for hierarchy "Display_mux:inst24|LPM_MUX:lpm_mux_component|mux_vld:auto_generated"
Warning: Using design file Colon_mux.vhd, which is not specified as a design file for the current project, but contains definitions for 2 design units and 1 entities in project
    Info: Found design unit 1: colon_mux-SYN
    Info: Found entity 1: Colon_mux
Info: Elaborating entity "Colon_mux" for hierarchy "Colon_mux:inst25"
Info: Elaborating entity "LPM_MUX" for hierarchy "Colon_mux:inst25|LPM_MUX:lpm_mux_component"
Info: Elaborated megafunction instantiation "Colon_mux:inst25|LPM_MUX:lpm_mux_component"
Info: Found 1 design units, including 1 entities, in source file db/mux_sld.tdf
    Info: Found entity 1: mux_sld
Info: Elaborating entity "mux_sld" for hierarchy "Colon_mux:inst25|LPM_MUX:lpm_mux_component|mux_sld:auto_generated"
Warning: The bidir "Front_IR_Sensor" has no source; inserted an always disabled tri-state buffer.
Warning: The bidir "Left_IR_Sensor" has no source; inserted an always disabled tri-state buffer.
Warning: The bidir "Right_IR_Sensor" has no source; inserted an always disabled tri-state buffer.
Warning: The bidir "BRight_IR_Sensor" has no source; inserted an always disabled tri-state buffer.
Warning: The bidir "BLeft_IR_Sensor" has no source; inserted an always disabled tri-state buffer.
Warning: Output pins are stuck at VCC or GND
    Warning (13410): Pin "Blue_Tooth_TX_Out" stuck at GND
    Warning (13410): Pin "LED_Blue" stuck at GND
    Warning (13410): Pin "LED_Green" stuck at GND
    Warning (13410): Pin "LED_RED" stuck at GND
    Warning (13410): Pin "Left_Servo" stuck at GND
    Warning (13410): Pin "Right_Servo" stuck at GND
    Warning (13410): Pin "Spare_Servo" stuck at GND
    Warning (13410): Pin "Speaker_74" stuck at GND
    Warning (13410): Pin "Speaker_82" stuck at GND
Warning: Design contains 6 input pin(s) that do not drive logic
    Warning (15610): No output dependent on input pin "Hall"
    Warning (15610): No output dependent on input pin "BlueTooth_RCV_In"
    Warning (15610): No output dependent on input pin "Extra_Pin"
    Warning (15610): No output dependent on input pin "Dip[2]"
    Warning (15610): No output dependent on input pin "Dip[1]"
    Warning (15610): No output dependent on input pin "Dip[0]"
Info: Implemented 79 device resources after synthesis - the final resource count might be different
    Info: Implemented 11 input pins
    Info: Implemented 21 output pins
    Info: Implemented 5 bidirectional pins
    Info: Implemented 42 logic cells
Info: Quartus II Analysis & Synthesis was successful. 0 errors, 39 warnings
    Info: Allocated 269 megabytes of memory during processing
    Info: Processing ended: Mon Feb 11 17:00:12 2019
    Info: Elapsed time: 00:00:03


