Fitter report for robotmain
Mon Mar 18 08:37:51 2019
Quartus II Version 7.2 Build 207 03/18/2008 Service Pack 3 SJ Web Edition


---------------------
; Table of Contents ;
---------------------
  1. Legal Notice
  2. Fitter Summary
  3. Fitter Settings
  4. Pin-Out File
  5. Fitter Resource Usage Summary
  6. Input Pins
  7. Output Pins
  8. Bidir Pins
  9. I/O Bank Usage
 10. All Package Pins
 11. Output Pin Default Load For Reported TCO
 12. Fitter Resource Utilization by Entity
 13. Delay Chain Summary
 14. Control Signals
 15. Global & Other Fast Signals
 16. Non-Global High Fan-Out Signals
 17. Interconnect Usage Summary
 18. LAB Logic Elements
 19. LAB-wide Signals
 20. LAB Signals Sourced
 21. LAB Signals Sourced Out
 22. LAB Distinct Inputs
 23. Fitter Device Options
 24. Fitter Messages



----------------
; Legal Notice ;
----------------
Copyright (C) 1991-2007 Altera Corporation
Your use of Altera Corporation's design tools, logic functions 
and other software and tools, and its AMPP partner logic 
functions, and any output files from any of the foregoing 
(including device programming or simulation files), and any 
associated documentation or information are expressly subject 
to the terms and conditions of the Altera Program License 
Subscription Agreement, Altera MegaCore Function License 
Agreement, or other applicable license agreement, including, 
without limitation, that your use is for the sole purpose of 
programming logic devices manufactured by Altera and sold by 
Altera or its authorized distributors.  Please refer to the 
applicable agreement for further details.



+----------------------------------------------------------------------+
; Fitter Summary                                                       ;
+-----------------------+----------------------------------------------+
; Fitter Status         ; Successful - Mon Mar 18 08:37:51 2019        ;
; Quartus II Version    ; 7.2 Build 207 03/18/2008 SP 3 SJ Web Edition ;
; Revision Name         ; robotmain                                    ;
; Top-level Entity Name ; robotmain                                    ;
; Family                ; MAX II                                       ;
; Device                ; EPM240T100C5                                 ;
; Timing Models         ; Final                                        ;
; Total logic elements  ; 139 / 240 ( 58 % )                           ;
; Total pins            ; 37 / 80 ( 46 % )                             ;
; Total virtual pins    ; 0                                            ;
; UFM blocks            ; 0 / 1 ( 0 % )                                ;
+-----------------------+----------------------------------------------+


+--------------------------------------------------------------------------------------------------------------------------------------+
; Fitter Settings                                                                                                                      ;
+--------------------------------------------------------------------+--------------------------------+--------------------------------+
; Option                                                             ; Setting                        ; Default Value                  ;
+--------------------------------------------------------------------+--------------------------------+--------------------------------+
; Device                                                             ; EPM240T100C5                   ;                                ;
; Fit Attempts to Skip                                               ; 0                              ; 0.0                            ;
; Use smart compilation                                              ; Off                            ; Off                            ;
; Maximum processors allowed for parallel compilation                ; 1                              ; 1                              ;
; Use TimeQuest Timing Analyzer                                      ; Off                            ; Off                            ;
; Router Timing Optimization Level                                   ; Normal                         ; Normal                         ;
; Placement Effort Multiplier                                        ; 1.0                            ; 1.0                            ;
; Router Effort Multiplier                                           ; 1.0                            ; 1.0                            ;
; Always Enable Input Buffers                                        ; Off                            ; Off                            ;
; Optimize Hold Timing                                               ; IO Paths and Minimum TPD Paths ; IO Paths and Minimum TPD Paths ;
; Optimize Fast-Corner Timing                                        ; Off                            ; Off                            ;
; Equivalent RAM and MLAB Paused Read Capabilities                   ; Care                           ; Care                           ;
; Guarantee I/O Paths Have Zero Hold Time at Fast Corner             ; On                             ; On                             ;
; PowerPlay Power Optimization                                       ; Normal compilation             ; Normal compilation             ;
; Optimize Timing                                                    ; Normal compilation             ; Normal compilation             ;
; Optimize IOC Register Placement for Timing                         ; On                             ; On                             ;
; Limit to One Fitting Attempt                                       ; Off                            ; Off                            ;
; Final Placement Optimizations                                      ; Automatically                  ; Automatically                  ;
; Fitter Aggressive Routability Optimizations                        ; Automatically                  ; Automatically                  ;
; Fitter Initial Placement Seed                                      ; 1                              ; 1                              ;
; Slow Slew Rate                                                     ; Off                            ; Off                            ;
; PCI I/O                                                            ; Off                            ; Off                            ;
; Weak Pull-Up Resistor                                              ; Off                            ; Off                            ;
; Enable Bus-Hold Circuitry                                          ; Off                            ; Off                            ;
; Auto Delay Chains                                                  ; On                             ; On                             ;
; Perform Physical Synthesis for Combinational Logic for Performance ; Off                            ; Off                            ;
; Perform Register Duplication for Performance                       ; Off                            ; Off                            ;
; Perform Register Retiming for Performance                          ; Off                            ; Off                            ;
; Perform Asynchronous Signal Pipelining                             ; Off                            ; Off                            ;
; Fitter Effort                                                      ; Auto Fit                       ; Auto Fit                       ;
; Physical Synthesis Effort Level                                    ; Normal                         ; Normal                         ;
; Logic Cell Insertion - Logic Duplication                           ; Auto                           ; Auto                           ;
; Auto Register Duplication                                          ; Auto                           ; Auto                           ;
; Auto Global Clock                                                  ; On                             ; On                             ;
; Auto Global Register Control Signals                               ; On                             ; On                             ;
; Stop After Congestion Map Generation                               ; Off                            ; Off                            ;
; Save Intermediate Fitting Results                                  ; Off                            ; Off                            ;
+--------------------------------------------------------------------+--------------------------------+--------------------------------+


+--------------+
; Pin-Out File ;
+--------------+
The pin-out file can be found in C:/Users/Mainframe/Documents/GitHub/ADLDweiss/robotmain.pin.


+--------------------------------------------------------------------------------------------------------------------------------------+
; Fitter Resource Usage Summary                                                                                                        ;
+---------------------------------------------+----------------------------------------------------------------------------------------+
; Resource                                    ; Usage                                                                                  ;
+---------------------------------------------+----------------------------------------------------------------------------------------+
; Total logic elements                        ; 139 / 240 ( 58 % )                                                                     ;
;     -- Combinational with no register       ; 92                                                                                     ;
;     -- Register only                        ; 0                                                                                      ;
;     -- Combinational with a register        ; 47                                                                                     ;
;                                             ;                                                                                        ;
; Logic element usage by number of LUT inputs ;                                                                                        ;
;     -- 4 input functions                    ; 63                                                                                     ;
;     -- 3 input functions                    ; 16                                                                                     ;
;     -- 2 input functions                    ; 53                                                                                     ;
;     -- 1 input functions                    ; 7                                                                                      ;
;     -- 0 input functions                    ; 0                                                                                      ;
;                                             ;                                                                                        ;
; Logic elements by mode                      ;                                                                                        ;
;     -- normal mode                          ; 96                                                                                     ;
;     -- arithmetic mode                      ; 43                                                                                     ;
;     -- qfbk mode                            ; 0                                                                                      ;
;     -- register cascade mode                ; 0                                                                                      ;
;     -- synchronous clear/load mode          ; 14                                                                                     ;
;     -- asynchronous clear/load mode         ; 0                                                                                      ;
;                                             ;                                                                                        ;
; Total registers                             ; 47 / 240 ( 20 % )                                                                      ;
; Total LABs                                  ; 16 / 24 ( 67 % )                                                                       ;
; Logic elements in carry chains              ; 47                                                                                     ;
; User inserted logic elements                ; 0                                                                                      ;
; Virtual pins                                ; 0                                                                                      ;
; I/O pins                                    ; 37 / 80 ( 46 % )                                                                       ;
;     -- Clock pins                           ; 2                                                                                      ;
; Global signals                              ; 4                                                                                      ;
; UFM blocks                                  ; 0 / 1 ( 0 % )                                                                          ;
; Global clocks                               ; 4 / 4 ( 100 % )                                                                        ;
; Average interconnect usage                  ; 10%                                                                                    ;
; Peak interconnect usage                     ; 10%                                                                                    ;
; Maximum fan-out node                        ; noteCounter:inst29|lpm_counter:lpm_counter_component|cntr_j7h:auto_generated|safe_q[0] ;
; Maximum fan-out                             ; 32                                                                                     ;
; Highest non-global fan-out signal           ; noteCounter:inst29|lpm_counter:lpm_counter_component|cntr_j7h:auto_generated|safe_q[0] ;
; Highest non-global fan-out                  ; 31                                                                                     ;
; Total fan-out                               ; 528                                                                                    ;
; Average fan-out                             ; 3.00                                                                                   ;
+---------------------------------------------+----------------------------------------------------------------------------------------+


+---------------------------------------------------------------------------------------------------------------------------------------------------------------------------------------------------------------------------------------+
; Input Pins                                                                                                                                                                                                                            ;
+------------------+-------+----------+--------------+--------------+-------------+-----------------------+--------------------+--------+-----------------+----------+--------------+----------------------------+----------------------+
; Name             ; Pin # ; I/O Bank ; X coordinate ; Y coordinate ; Cell number ; Combinational Fan-Out ; Registered Fan-Out ; Global ; PCI I/O Enabled ; Bus Hold ; Weak Pull Up ; I/O Standard               ; Location assigned by ;
+------------------+-------+----------+--------------+--------------+-------------+-----------------------+--------------------+--------+-----------------+----------+--------------+----------------------------+----------------------+
; BlueTooth_RCV_In ; 52    ; 2        ; 8            ; 1            ; 4           ; 0                     ; 0                  ; no     ; no              ; no       ; Off          ; 3.3-V LVCMOS               ; User                 ;
; Bumper           ; 55    ; 2        ; 8            ; 1            ; 1           ; 1                     ; 0                  ; no     ; no              ; no       ; On           ; 3.3V Schmitt Trigger Input ; User                 ;
; Button_1         ; 27    ; 1        ; 2            ; 0            ; 2           ; 2                     ; 0                  ; no     ; no              ; no       ; On           ; 3.3V Schmitt Trigger Input ; User                 ;
; Button_2         ; 28    ; 1        ; 2            ; 0            ; 1           ; 2                     ; 0                  ; no     ; no              ; no       ; On           ; 3.3V Schmitt Trigger Input ; User                 ;
; CDS_Cell         ; 51    ; 1        ; 7            ; 0            ; 0           ; 1                     ; 0                  ; no     ; no              ; no       ; Off          ; 3.3V Schmitt Trigger Input ; User                 ;
; Clk_50MHZ        ; 64    ; 2        ; 8            ; 3            ; 4           ; 25                    ; 0                  ; yes    ; no              ; no       ; Off          ; 3.3-V LVTTL                ; User                 ;
; Dip[0]           ; 71    ; 2        ; 8            ; 4            ; 3           ; 2                     ; 0                  ; no     ; no              ; no       ; On           ; 3.3-V LVTTL                ; User                 ;
; Dip[1]           ; 69    ; 2        ; 8            ; 3            ; 0           ; 0                     ; 0                  ; no     ; no              ; no       ; On           ; 3.3-V LVTTL                ; User                 ;
; Dip[2]           ; 67    ; 2        ; 8            ; 3            ; 2           ; 2                     ; 0                  ; no     ; no              ; no       ; On           ; 3.3-V LVTTL                ; User                 ;
; Extra_Pin        ; 56    ; 2        ; 8            ; 1            ; 0           ; 0                     ; 0                  ; no     ; no              ; no       ; Off          ; 3.3V Schmitt Trigger Input ; User                 ;
; Hall             ; 17    ; 1        ; 1            ; 2            ; 3           ; 0                     ; 0                  ; no     ; no              ; no       ; On           ; 3.3V Schmitt Trigger Input ; User                 ;
+------------------+-------+----------+--------------+--------------+-------------+-----------------------+--------------------+--------+-----------------+----------+--------------+----------------------------+----------------------+


+----------------------------------------------------------------------------------------------------------------------------------------------------------------------------------------------------------------------------------------------------------------------------------------+
; Output Pins                                                                                                                                                                                                                                                                            ;
+-------------------+-------+----------+--------------+--------------+-------------+-----------------+----------------+-----------------+------------+---------------+----------+--------------+--------------+------------------+------------------------+----------------------+-------+
; Name              ; Pin # ; I/O Bank ; X coordinate ; Y coordinate ; Cell number ; Output Register ; Slow Slew Rate ; PCI I/O Enabled ; Open Drain ; TRI Primitive ; Bus Hold ; Weak Pull Up ; I/O Standard ; Current Strength ; Fast Output Connection ; Location assigned by ; Load  ;
+-------------------+-------+----------+--------------+--------------+-------------+-----------------+----------------+-----------------+------------+---------------+----------+--------------+--------------+------------------+------------------------+----------------------+-------+
; Blue_Tooth_TX_Out ; 54    ; 2        ; 8            ; 1            ; 2           ; no              ; no             ; no              ; no         ; no            ; no       ; Off          ; 3.3-V LVCMOS ; 8mA              ; no                     ; User                 ; 10 pF ;
; Digit_1           ; 44    ; 1        ; 6            ; 0            ; 2           ; no              ; no             ; no              ; no         ; no            ; no       ; Off          ; 3.3-V LVTTL  ; 16mA             ; yes                    ; User                 ; 10 pF ;
; Digit_2           ; 43    ; 1        ; 6            ; 0            ; 3           ; no              ; no             ; no              ; no         ; no            ; no       ; Off          ; 3.3-V LVTTL  ; 16mA             ; yes                    ; User                 ; 10 pF ;
; Digit_3           ; 41    ; 1        ; 5            ; 0            ; 1           ; no              ; no             ; no              ; no         ; no            ; no       ; Off          ; 3.3-V LVTTL  ; 16mA             ; no                     ; User                 ; 10 pF ;
; Digit_4           ; 35    ; 1        ; 3            ; 0            ; 0           ; no              ; no             ; no              ; no         ; no            ; no       ; Off          ; 3.3-V LVTTL  ; 16mA             ; no                     ; User                 ; 10 pF ;
; LED_Blue          ; 68    ; 2        ; 8            ; 3            ; 1           ; no              ; no             ; no              ; no         ; no            ; no       ; Off          ; 3.3-V LVTTL  ; 16mA             ; no                     ; User                 ; 10 pF ;
; LED_Green         ; 66    ; 2        ; 8            ; 3            ; 3           ; no              ; no             ; no              ; no         ; no            ; no       ; Off          ; 3.3-V LVTTL  ; 16mA             ; no                     ; User                 ; 10 pF ;
; LED_RED           ; 62    ; 2        ; 8            ; 2            ; 0           ; no              ; no             ; no              ; no         ; no            ; no       ; Off          ; 3.3-V LVTTL  ; 16mA             ; no                     ; User                 ; 10 pF ;
; Left_Servo        ; 30    ; 1        ; 3            ; 0            ; 3           ; no              ; no             ; no              ; no         ; no            ; no       ; Off          ; 3.3-V LVTTL  ; 16mA             ; no                     ; User                 ; 10 pF ;
; Right_Servo       ; 33    ; 1        ; 3            ; 0            ; 2           ; no              ; no             ; no              ; no         ; no            ; no       ; Off          ; 3.3-V LVTTL  ; 16mA             ; no                     ; User                 ; 10 pF ;
; Seg_A             ; 37    ; 1        ; 4            ; 0            ; 1           ; no              ; no             ; no              ; no         ; no            ; no       ; Off          ; 3.3-V LVTTL  ; 16mA             ; no                     ; User                 ; 10 pF ;
; Seg_B             ; 47    ; 1        ; 6            ; 0            ; 1           ; no              ; no             ; no              ; no         ; no            ; no       ; Off          ; 3.3-V LVTTL  ; 16mA             ; no                     ; User                 ; 10 pF ;
; Seg_C             ; 40    ; 1        ; 5            ; 0            ; 2           ; no              ; no             ; no              ; no         ; no            ; no       ; Off          ; 3.3-V LVTTL  ; 16mA             ; no                     ; User                 ; 10 pF ;
; Seg_Colon         ; 38    ; 1        ; 4            ; 0            ; 0           ; no              ; no             ; no              ; no         ; no            ; no       ; Off          ; 3.3-V LVTTL  ; 16mA             ; no                     ; User                 ; 10 pF ;
; Seg_D             ; 36    ; 1        ; 4            ; 0            ; 2           ; no              ; no             ; no              ; no         ; no            ; no       ; Off          ; 3.3-V LVTTL  ; 16mA             ; no                     ; User                 ; 10 pF ;
; Seg_E             ; 34    ; 1        ; 3            ; 0            ; 1           ; no              ; no             ; no              ; no         ; no            ; no       ; Off          ; 3.3-V LVTTL  ; 16mA             ; no                     ; User                 ; 10 pF ;
; Seg_F             ; 39    ; 1        ; 5            ; 0            ; 3           ; no              ; no             ; no              ; no         ; no            ; no       ; Off          ; 3.3-V LVTTL  ; 16mA             ; no                     ; User                 ; 10 pF ;
; Seg_G             ; 42    ; 1        ; 5            ; 0            ; 0           ; no              ; no             ; no              ; no         ; no            ; no       ; Off          ; 3.3-V LVTTL  ; 16mA             ; no                     ; User                 ; 10 pF ;
; Spare_Servo       ; 29    ; 1        ; 2            ; 0            ; 0           ; no              ; no             ; no              ; no         ; no            ; no       ; Off          ; 3.3-V LVTTL  ; 16mA             ; no                     ; User                 ; 10 pF ;
; Speaker_74        ; 74    ; 2        ; 8            ; 4            ; 0           ; no              ; no             ; no              ; no         ; no            ; no       ; Off          ; 3.3-V LVTTL  ; 16mA             ; no                     ; User                 ; 10 pF ;
; Speaker_82        ; 82    ; 2        ; 6            ; 5            ; 1           ; no              ; no             ; no              ; no         ; no            ; no       ; Off          ; 3.3-V LVTTL  ; 16mA             ; yes                    ; User                 ; 10 pF ;
+-------------------+-------+----------+--------------+--------------+-------------+-----------------+----------------+-----------------+------------+---------------+----------+--------------+--------------+------------------+------------------------+----------------------+-------+


+-------------------------------------------------------------------------------------------------------------------------------------------------------------------------------------------------------------------------------------------------------------------------------------------------------------------------------------------+
; Bidir Pins                                                                                                                                                                                                                                                                                                                                ;
+------------------+-------+----------+--------------+--------------+-------------+-----------------------+--------------------+--------+-----------------+----------------+-----------------+------------+----------+--------------+----------------------------+------------------+------------------------+----------------------+-------+
; Name             ; Pin # ; I/O Bank ; X coordinate ; Y coordinate ; Cell number ; Combinational Fan-Out ; Registered Fan-Out ; Global ; Output Register ; Slow Slew Rate ; PCI I/O Enabled ; Open Drain ; Bus Hold ; Weak Pull Up ; I/O Standard               ; Current Strength ; Fast Output Connection ; Location assigned by ; Load  ;
+------------------+-------+----------+--------------+--------------+-------------+-----------------------+--------------------+--------+-----------------+----------------+-----------------+------------+----------+--------------+----------------------------+------------------+------------------------+----------------------+-------+
; BLeft_IR_Sensor  ; 19    ; 1        ; 1            ; 1            ; 1           ; 0                     ; 0                  ; no     ; no              ; no             ; no              ; yes        ; no       ; Off          ; 3.3V Schmitt Trigger Input ; 16mA             ; no                     ; User                 ; 10 pF ;
; BRight_IR_Sensor ; 21    ; 1        ; 1            ; 1            ; 3           ; 0                     ; 0                  ; no     ; no              ; no             ; no              ; yes        ; no       ; Off          ; 3.3V Schmitt Trigger Input ; 16mA             ; no                     ; User                 ; 10 pF ;
; Front_IR_Sensor  ; 48    ; 1        ; 6            ; 0            ; 0           ; 0                     ; 0                  ; no     ; no              ; no             ; no              ; yes        ; no       ; Off          ; 3.3V Schmitt Trigger Input ; 16mA             ; no                     ; User                 ; 10 pF ;
; Left_IR_Sensor   ; 50    ; 1        ; 7            ; 0            ; 1           ; 0                     ; 0                  ; no     ; no              ; no             ; no              ; yes        ; no       ; Off          ; 3.3V Schmitt Trigger Input ; 16mA             ; no                     ; User                 ; 10 pF ;
; Right_IR_Sensor  ; 49    ; 1        ; 7            ; 0            ; 2           ; 0                     ; 0                  ; no     ; no              ; no             ; no              ; yes        ; no       ; Off          ; 3.3V Schmitt Trigger Input ; 16mA             ; no                     ; User                 ; 10 pF ;
+------------------+-------+----------+--------------+--------------+-------------+-----------------------+--------------------+--------+-----------------+----------------+-----------------+------------+----------+--------------+----------------------------+------------------+------------------------+----------------------+-------+


+------------------------------------------------------------+
; I/O Bank Usage                                             ;
+----------+------------------+---------------+--------------+
; I/O Bank ; Usage            ; VCCIO Voltage ; VREF Voltage ;
+----------+------------------+---------------+--------------+
; 1        ; 24 / 38 ( 63 % ) ; 3.3V          ; --           ;
; 2        ; 13 / 42 ( 31 % ) ; 3.3V          ; --           ;
+----------+------------------+---------------+--------------+


+---------------------------------------------------------------------------------------------------------------------------------------------------------------+
; All Package Pins                                                                                                                                              ;
+----------+------------+----------+-------------------+--------+----------------------------+---------+------------+-----------------+----------+--------------+
; Location ; Pad Number ; I/O Bank ; Pin Name/Usage    ; Dir.   ; I/O Standard               ; Voltage ; I/O Type   ; User Assignment ; Bus Hold ; Weak Pull Up ;
+----------+------------+----------+-------------------+--------+----------------------------+---------+------------+-----------------+----------+--------------+
; 1        ; 83         ; 2        ; GND*              ;        ;                            ;         ; Column I/O ;                 ; no       ; Off          ;
; 2        ; 0          ; 1        ; GND*              ;        ;                            ;         ; Row I/O    ;                 ; no       ; Off          ;
; 3        ; 1          ; 1        ; GND*              ;        ;                            ;         ; Row I/O    ;                 ; no       ; Off          ;
; 4        ; 2          ; 1        ; GND*              ;        ;                            ;         ; Row I/O    ;                 ; no       ; Off          ;
; 5        ; 3          ; 1        ; GND*              ;        ;                            ;         ; Row I/O    ;                 ; no       ; Off          ;
; 6        ; 4          ; 1        ; GND*              ;        ;                            ;         ; Row I/O    ;                 ; no       ; Off          ;
; 7        ; 5          ; 1        ; GND*              ;        ;                            ;         ; Row I/O    ;                 ; no       ; Off          ;
; 8        ; 6          ; 1        ; GND*              ;        ;                            ;         ; Row I/O    ;                 ; no       ; Off          ;
; 9        ;            ; 1        ; VCCIO1            ; power  ;                            ; 3.3V    ; --         ;                 ; --       ; --           ;
; 10       ;            ;          ; GNDIO             ; gnd    ;                            ;         ; --         ;                 ; --       ; --           ;
; 11       ;            ;          ; GNDINT            ; gnd    ;                            ;         ; --         ;                 ; --       ; --           ;
; 12       ; 7          ; 1        ; GND*              ;        ;                            ;         ; Row I/O    ;                 ; no       ; Off          ;
; 13       ;            ;          ; VCCINT            ; power  ;                            ; 3.3V    ; --         ;                 ; --       ; --           ;
; 14       ; 8          ; 1        ; GND*              ;        ;                            ;         ; Row I/O    ;                 ; no       ; Off          ;
; 15       ; 9          ; 1        ; GND*              ;        ;                            ;         ; Row I/O    ;                 ; no       ; Off          ;
; 16       ; 10         ; 1        ; GND*              ;        ;                            ;         ; Row I/O    ;                 ; no       ; Off          ;
; 17       ; 11         ; 1        ; Hall              ; input  ; 3.3V Schmitt Trigger Input ;         ; Row I/O    ; Y               ; no       ; On           ;
; 18       ; 12         ; 1        ; GND*              ;        ;                            ;         ; Row I/O    ;                 ; no       ; Off          ;
; 19       ; 13         ; 1        ; BLeft_IR_Sensor   ; bidir  ; 3.3V Schmitt Trigger Input ;         ; Row I/O    ; Y               ; no       ; Off          ;
; 20       ; 14         ; 1        ; GND*              ;        ;                            ;         ; Row I/O    ;                 ; no       ; Off          ;
; 21       ; 15         ; 1        ; BRight_IR_Sensor  ; bidir  ; 3.3V Schmitt Trigger Input ;         ; Row I/O    ; Y               ; no       ; Off          ;
; 22       ; 16         ; 1        ; #TMS              ; input  ;                            ;         ; --         ;                 ; --       ; --           ;
; 23       ; 17         ; 1        ; #TDI              ; input  ;                            ;         ; --         ;                 ; --       ; --           ;
; 24       ; 18         ; 1        ; #TCK              ; input  ;                            ;         ; --         ;                 ; --       ; --           ;
; 25       ; 19         ; 1        ; #TDO              ; output ;                            ;         ; --         ;                 ; --       ; --           ;
; 26       ; 20         ; 1        ; GND*              ;        ;                            ;         ; Column I/O ;                 ; no       ; Off          ;
; 27       ; 21         ; 1        ; Button_1          ; input  ; 3.3V Schmitt Trigger Input ;         ; Column I/O ; Y               ; no       ; On           ;
; 28       ; 22         ; 1        ; Button_2          ; input  ; 3.3V Schmitt Trigger Input ;         ; Column I/O ; Y               ; no       ; On           ;
; 29       ; 23         ; 1        ; Spare_Servo       ; output ; 3.3-V LVTTL                ;         ; Column I/O ; Y               ; no       ; Off          ;
; 30       ; 24         ; 1        ; Left_Servo        ; output ; 3.3-V LVTTL                ;         ; Column I/O ; Y               ; no       ; Off          ;
; 31       ;            ; 1        ; VCCIO1            ; power  ;                            ; 3.3V    ; --         ;                 ; --       ; --           ;
; 32       ;            ;          ; GNDIO             ; gnd    ;                            ;         ; --         ;                 ; --       ; --           ;
; 33       ; 25         ; 1        ; Right_Servo       ; output ; 3.3-V LVTTL                ;         ; Column I/O ; Y               ; no       ; Off          ;
; 34       ; 26         ; 1        ; Seg_E             ; output ; 3.3-V LVTTL                ;         ; Column I/O ; Y               ; no       ; Off          ;
; 35       ; 27         ; 1        ; Digit_4           ; output ; 3.3-V LVTTL                ;         ; Column I/O ; Y               ; no       ; Off          ;
; 36       ; 28         ; 1        ; Seg_D             ; output ; 3.3-V LVTTL                ;         ; Column I/O ; Y               ; no       ; Off          ;
; 37       ; 29         ; 1        ; Seg_A             ; output ; 3.3-V LVTTL                ;         ; Column I/O ; Y               ; no       ; Off          ;
; 38       ; 30         ; 1        ; Seg_Colon         ; output ; 3.3-V LVTTL                ;         ; Column I/O ; Y               ; no       ; Off          ;
; 39       ; 31         ; 1        ; Seg_F             ; output ; 3.3-V LVTTL                ;         ; Column I/O ; Y               ; no       ; Off          ;
; 40       ; 32         ; 1        ; Seg_C             ; output ; 3.3-V LVTTL                ;         ; Column I/O ; Y               ; no       ; Off          ;
; 41       ; 33         ; 1        ; Digit_3           ; output ; 3.3-V LVTTL                ;         ; Column I/O ; Y               ; no       ; Off          ;
; 42       ; 34         ; 1        ; Seg_G             ; output ; 3.3-V LVTTL                ;         ; Column I/O ; Y               ; no       ; Off          ;
; 43       ; 35         ; 1        ; Digit_2           ; output ; 3.3-V LVTTL                ;         ; Column I/O ; Y               ; no       ; Off          ;
; 44       ; 36         ; 1        ; Digit_1           ; output ; 3.3-V LVTTL                ;         ; Column I/O ; Y               ; no       ; Off          ;
; 45       ;            ; 1        ; VCCIO1            ; power  ;                            ; 3.3V    ; --         ;                 ; --       ; --           ;
; 46       ;            ;          ; GNDIO             ; gnd    ;                            ;         ; --         ;                 ; --       ; --           ;
; 47       ; 37         ; 1        ; Seg_B             ; output ; 3.3-V LVTTL                ;         ; Column I/O ; Y               ; no       ; Off          ;
; 48       ; 38         ; 1        ; Front_IR_Sensor   ; bidir  ; 3.3V Schmitt Trigger Input ;         ; Column I/O ; Y               ; no       ; Off          ;
; 49       ; 39         ; 1        ; Right_IR_Sensor   ; bidir  ; 3.3V Schmitt Trigger Input ;         ; Column I/O ; Y               ; no       ; Off          ;
; 50       ; 40         ; 1        ; Left_IR_Sensor    ; bidir  ; 3.3V Schmitt Trigger Input ;         ; Column I/O ; Y               ; no       ; Off          ;
; 51       ; 41         ; 1        ; CDS_Cell          ; input  ; 3.3V Schmitt Trigger Input ;         ; Column I/O ; Y               ; no       ; Off          ;
; 52       ; 42         ; 2        ; BlueTooth_RCV_In  ; input  ; 3.3-V LVCMOS               ;         ; Row I/O    ; Y               ; no       ; Off          ;
; 53       ; 43         ; 2        ; GND*              ;        ;                            ;         ; Row I/O    ;                 ; no       ; Off          ;
; 54       ; 44         ; 2        ; Blue_Tooth_TX_Out ; output ; 3.3-V LVCMOS               ;         ; Row I/O    ; Y               ; no       ; Off          ;
; 55       ; 45         ; 2        ; Bumper            ; input  ; 3.3V Schmitt Trigger Input ;         ; Row I/O    ; Y               ; no       ; On           ;
; 56       ; 46         ; 2        ; Extra_Pin         ; input  ; 3.3V Schmitt Trigger Input ;         ; Row I/O    ; Y               ; no       ; Off          ;
; 57       ; 47         ; 2        ; GND*              ;        ;                            ;         ; Row I/O    ;                 ; no       ; Off          ;
; 58       ; 48         ; 2        ; GND*              ;        ;                            ;         ; Row I/O    ;                 ; no       ; Off          ;
; 59       ;            ; 2        ; VCCIO2            ; power  ;                            ; 3.3V    ; --         ;                 ; --       ; --           ;
; 60       ;            ;          ; GNDIO             ; gnd    ;                            ;         ; --         ;                 ; --       ; --           ;
; 61       ; 49         ; 2        ; GND*              ;        ;                            ;         ; Row I/O    ;                 ; no       ; Off          ;
; 62       ; 50         ; 2        ; LED_RED           ; output ; 3.3-V LVTTL                ;         ; Row I/O    ; Y               ; no       ; Off          ;
; 63       ;            ;          ; VCCINT            ; power  ;                            ; 3.3V    ; --         ;                 ; --       ; --           ;
; 64       ; 51         ; 2        ; Clk_50MHZ         ; input  ; 3.3-V LVTTL                ;         ; Row I/O    ; Y               ; no       ; Off          ;
; 65       ;            ;          ; GNDINT            ; gnd    ;                            ;         ; --         ;                 ; --       ; --           ;
; 66       ; 52         ; 2        ; LED_Green         ; output ; 3.3-V LVTTL                ;         ; Row I/O    ; Y               ; no       ; Off          ;
; 67       ; 53         ; 2        ; Dip[2]            ; input  ; 3.3-V LVTTL                ;         ; Row I/O    ; Y               ; no       ; On           ;
; 68       ; 54         ; 2        ; LED_Blue          ; output ; 3.3-V LVTTL                ;         ; Row I/O    ; Y               ; no       ; Off          ;
; 69       ; 55         ; 2        ; Dip[1]            ; input  ; 3.3-V LVTTL                ;         ; Row I/O    ; Y               ; no       ; On           ;
; 70       ; 56         ; 2        ; GND*              ;        ;                            ;         ; Row I/O    ;                 ; no       ; Off          ;
; 71       ; 57         ; 2        ; Dip[0]            ; input  ; 3.3-V LVTTL                ;         ; Row I/O    ; Y               ; no       ; On           ;
; 72       ; 58         ; 2        ; GND*              ;        ;                            ;         ; Row I/O    ;                 ; no       ; Off          ;
; 73       ; 59         ; 2        ; GND*              ;        ;                            ;         ; Row I/O    ;                 ; no       ; Off          ;
; 74       ; 60         ; 2        ; Speaker_74        ; output ; 3.3-V LVTTL                ;         ; Row I/O    ; Y               ; no       ; Off          ;
; 75       ; 61         ; 2        ; GND*              ;        ;                            ;         ; Column I/O ;                 ; no       ; Off          ;
; 76       ; 62         ; 2        ; GND*              ;        ;                            ;         ; Column I/O ;                 ; no       ; Off          ;
; 77       ; 63         ; 2        ; GND*              ;        ;                            ;         ; Column I/O ;                 ; no       ; Off          ;
; 78       ; 64         ; 2        ; GND*              ;        ;                            ;         ; Column I/O ;                 ; no       ; Off          ;
; 79       ;            ;          ; GNDIO             ; gnd    ;                            ;         ; --         ;                 ; --       ; --           ;
; 80       ;            ; 2        ; VCCIO2            ; power  ;                            ; 3.3V    ; --         ;                 ; --       ; --           ;
; 81       ; 65         ; 2        ; GND*              ;        ;                            ;         ; Column I/O ;                 ; no       ; Off          ;
; 82       ; 66         ; 2        ; Speaker_82        ; output ; 3.3-V LVTTL                ;         ; Column I/O ; Y               ; no       ; Off          ;
; 83       ; 67         ; 2        ; GND*              ;        ;                            ;         ; Column I/O ;                 ; no       ; Off          ;
; 84       ; 68         ; 2        ; GND*              ;        ;                            ;         ; Column I/O ;                 ; no       ; Off          ;
; 85       ; 69         ; 2        ; GND*              ;        ;                            ;         ; Column I/O ;                 ; no       ; Off          ;
; 86       ; 70         ; 2        ; GND*              ;        ;                            ;         ; Column I/O ;                 ; no       ; Off          ;
; 87       ; 71         ; 2        ; GND*              ;        ;                            ;         ; Column I/O ;                 ; no       ; Off          ;
; 88       ; 72         ; 2        ; GND*              ;        ;                            ;         ; Column I/O ;                 ; no       ; Off          ;
; 89       ; 73         ; 2        ; GND*              ;        ;                            ;         ; Column I/O ;                 ; no       ; Off          ;
; 90       ; 74         ; 2        ; GND*              ;        ;                            ;         ; Column I/O ;                 ; no       ; Off          ;
; 91       ; 75         ; 2        ; GND*              ;        ;                            ;         ; Column I/O ;                 ; no       ; Off          ;
; 92       ; 76         ; 2        ; GND*              ;        ;                            ;         ; Column I/O ;                 ; no       ; Off          ;
; 93       ;            ;          ; GNDIO             ; gnd    ;                            ;         ; --         ;                 ; --       ; --           ;
; 94       ;            ; 2        ; VCCIO2            ; power  ;                            ; 3.3V    ; --         ;                 ; --       ; --           ;
; 95       ; 77         ; 2        ; GND*              ;        ;                            ;         ; Column I/O ;                 ; no       ; Off          ;
; 96       ; 78         ; 2        ; GND*              ;        ;                            ;         ; Column I/O ;                 ; no       ; Off          ;
; 97       ; 79         ; 2        ; GND*              ;        ;                            ;         ; Column I/O ;                 ; no       ; Off          ;
; 98       ; 80         ; 2        ; GND*              ;        ;                            ;         ; Column I/O ;                 ; no       ; Off          ;
; 99       ; 81         ; 2        ; GND*              ;        ;                            ;         ; Column I/O ;                 ; no       ; Off          ;
; 100      ; 82         ; 2        ; GND*              ;        ;                            ;         ; Column I/O ;                 ; no       ; Off          ;
+----------+------------+----------+-------------------+--------+----------------------------+---------+------------+-----------------+----------+--------------+
Note: Pin directions (input, output or bidir) are based on device operating in user mode.


+-------------------------------------------------------------+
; Output Pin Default Load For Reported TCO                    ;
+----------------------------+-------+------------------------+
; I/O Standard               ; Load  ; Termination Resistance ;
+----------------------------+-------+------------------------+
; 3.3-V LVTTL                ; 10 pF ; Not Available          ;
; 3.3-V LVCMOS               ; 10 pF ; Not Available          ;
; 2.5 V                      ; 10 pF ; Not Available          ;
; 1.8 V                      ; 10 pF ; Not Available          ;
; 1.5 V                      ; 10 pF ; Not Available          ;
; 3.3V Schmitt Trigger Input ; 10 pF ; Not Available          ;
; 2.5V Schmitt Trigger Input ; 10 pF ; Not Available          ;
+----------------------------+-------+------------------------+
Note: User assignments will override these defaults. The user specified values are listed in the Output Pins and Bidir Pins tables.


+----------------------------------------------------------------------------------------------------------------------------------------------------------------------------------------------------------------------------------------------------------------------------------------------------------+
; Fitter Resource Utilization by Entity                                                                                                                                                                                                                                                                    ;
+-------------------------------------------+-------------+--------------+------------+------+--------------+--------------+-------------------+------------------+-----------------+------------+------------------------------------------------------------------------------------------+--------------+
; Compilation Hierarchy Node                ; Logic Cells ; LC Registers ; UFM Blocks ; Pins ; Virtual Pins ; LUT-Only LCs ; Register-Only LCs ; LUT/Register LCs ; Carry Chain LCs ; Packed LCs ; Full Hierarchy Name                                                                      ; Library Name ;
+-------------------------------------------+-------------+--------------+------------+------+--------------+--------------+-------------------+------------------+-----------------+------------+------------------------------------------------------------------------------------------+--------------+
; |robotmain                                ; 139 (5)     ; 47           ; 0          ; 37   ; 0            ; 92 (3)       ; 0 (0)             ; 47 (2)           ; 47 (0)          ; 0 (0)      ; |robotmain                                                                               ; work         ;
;    |BigCount:inst23|                      ; 25 (0)      ; 25           ; 0          ; 0    ; 0            ; 0 (0)        ; 0 (0)             ; 25 (0)           ; 25 (0)          ; 0 (0)      ; |robotmain|BigCount:inst23                                                               ; work         ;
;       |lpm_counter:lpm_counter_component| ; 25 (0)      ; 25           ; 0          ; 0    ; 0            ; 0 (0)        ; 0 (0)             ; 25 (0)           ; 25 (0)          ; 0 (0)      ; |robotmain|BigCount:inst23|lpm_counter:lpm_counter_component                             ; work         ;
;          |cntr_49h:auto_generated|        ; 25 (25)     ; 25           ; 0          ; 0    ; 0            ; 0 (0)        ; 0 (0)             ; 25 (25)          ; 25 (25)         ; 0 (0)      ; |robotmain|BigCount:inst23|lpm_counter:lpm_counter_component|cntr_49h:auto_generated     ; work         ;
;    |Colon_mux:inst25|                     ; 2 (0)       ; 0            ; 0          ; 0    ; 0            ; 2 (0)        ; 0 (0)             ; 0 (0)            ; 0 (0)           ; 0 (0)      ; |robotmain|Colon_mux:inst25                                                              ; work         ;
;       |lpm_mux:lpm_mux_component|         ; 2 (0)       ; 0            ; 0          ; 0    ; 0            ; 2 (0)        ; 0 (0)             ; 0 (0)            ; 0 (0)           ; 0 (0)      ; |robotmain|Colon_mux:inst25|lpm_mux:lpm_mux_component                                    ; work         ;
;          |mux_sld:auto_generated|         ; 2 (2)       ; 0            ; 0          ; 0    ; 0            ; 2 (2)        ; 0 (0)             ; 0 (0)            ; 0 (0)           ; 0 (0)      ; |robotmain|Colon_mux:inst25|lpm_mux:lpm_mux_component|mux_sld:auto_generated             ; work         ;
;    |Digit_decode:inst26|                  ; 4 (0)       ; 0            ; 0          ; 0    ; 0            ; 4 (0)        ; 0 (0)             ; 0 (0)            ; 0 (0)           ; 0 (0)      ; |robotmain|Digit_decode:inst26                                                           ; work         ;
;       |lpm_decode:lpm_decode_component|   ; 4 (0)       ; 0            ; 0          ; 0    ; 0            ; 4 (0)        ; 0 (0)             ; 0 (0)            ; 0 (0)           ; 0 (0)      ; |robotmain|Digit_decode:inst26|lpm_decode:lpm_decode_component                           ; work         ;
;          |decode_gpe:auto_generated|      ; 4 (4)       ; 0            ; 0          ; 0    ; 0            ; 4 (4)        ; 0 (0)             ; 0 (0)            ; 0 (0)           ; 0 (0)      ; |robotmain|Digit_decode:inst26|lpm_decode:lpm_decode_component|decode_gpe:auto_generated ; work         ;
;    |Display_mux:inst24|                   ; 4 (0)       ; 0            ; 0          ; 0    ; 0            ; 4 (0)        ; 0 (0)             ; 0 (0)            ; 0 (0)           ; 0 (0)      ; |robotmain|Display_mux:inst24                                                            ; work         ;
;       |lpm_mux:lpm_mux_component|         ; 4 (0)       ; 0            ; 0          ; 0    ; 0            ; 4 (0)        ; 0 (0)             ; 0 (0)            ; 0 (0)           ; 0 (0)      ; |robotmain|Display_mux:inst24|lpm_mux:lpm_mux_component                                  ; work         ;
;          |mux_vld:auto_generated|         ; 4 (4)       ; 0            ; 0          ; 0    ; 0            ; 4 (4)        ; 0 (0)             ; 0 (0)            ; 0 (0)           ; 0 (0)      ; |robotmain|Display_mux:inst24|lpm_mux:lpm_mux_component|mux_vld:auto_generated           ; work         ;
;    |Duration_ROM:inst6|                   ; 7 (7)       ; 0            ; 0          ; 0    ; 0            ; 7 (7)        ; 0 (0)             ; 0 (0)            ; 0 (0)           ; 0 (0)      ; |robotmain|Duration_ROM:inst6                                                            ; work         ;
;    |Notes:inst7|                          ; 7 (7)       ; 0            ; 0          ; 0    ; 0            ; 7 (7)        ; 0 (0)             ; 0 (0)            ; 0 (0)           ; 0 (0)      ; |robotmain|Notes:inst7                                                                   ; work         ;
;    |Servo:inst12|                         ; 1 (1)       ; 0            ; 0          ; 0    ; 0            ; 1 (1)        ; 0 (0)             ; 0 (0)            ; 0 (0)           ; 0 (0)      ; |robotmain|Servo:inst12                                                                  ; work         ;
;    |Servo:inst9|                          ; 2 (2)       ; 0            ; 0          ; 0    ; 0            ; 2 (2)        ; 0 (0)             ; 0 (0)            ; 0 (0)           ; 0 (0)      ; |robotmain|Servo:inst9                                                                   ; work         ;
;    |Seven_Seg_Driver:inst27|              ; 7 (7)       ; 0            ; 0          ; 0    ; 0            ; 7 (7)        ; 0 (0)             ; 0 (0)            ; 0 (0)           ; 0 (0)      ; |robotmain|Seven_Seg_Driver:inst27                                                       ; work         ;
;    |Song_ROM:inst8|                       ; 51 (51)     ; 0            ; 0          ; 0    ; 0            ; 51 (51)      ; 0 (0)             ; 0 (0)            ; 0 (0)           ; 0 (0)      ; |robotmain|Song_ROM:inst8                                                                ; work         ;
;    |durCounter:inst31|                    ; 7 (0)       ; 6            ; 0          ; 0    ; 0            ; 1 (0)        ; 0 (0)             ; 6 (0)            ; 7 (0)           ; 0 (0)      ; |robotmain|durCounter:inst31                                                             ; work         ;
;       |lpm_counter:lpm_counter_component| ; 7 (0)       ; 6            ; 0          ; 0    ; 0            ; 1 (0)        ; 0 (0)             ; 6 (0)            ; 7 (0)           ; 0 (0)      ; |robotmain|durCounter:inst31|lpm_counter:lpm_counter_component                           ; work         ;
;          |cntr_esi:auto_generated|        ; 7 (7)       ; 6            ; 0          ; 0    ; 0            ; 1 (1)        ; 0 (0)             ; 6 (6)            ; 7 (7)           ; 0 (0)      ; |robotmain|durCounter:inst31|lpm_counter:lpm_counter_component|cntr_esi:auto_generated   ; work         ;
;    |freqCounter:inst30|                   ; 9 (0)       ; 8            ; 0          ; 0    ; 0            ; 1 (0)        ; 0 (0)             ; 8 (0)            ; 9 (0)           ; 0 (0)      ; |robotmain|freqCounter:inst30                                                            ; work         ;
;       |lpm_counter:lpm_counter_component| ; 9 (0)       ; 8            ; 0          ; 0    ; 0            ; 1 (0)        ; 0 (0)             ; 8 (0)            ; 9 (0)           ; 0 (0)      ; |robotmain|freqCounter:inst30|lpm_counter:lpm_counter_component                          ; work         ;
;          |cntr_gsi:auto_generated|        ; 9 (9)       ; 8            ; 0          ; 0    ; 0            ; 1 (1)        ; 0 (0)             ; 8 (8)            ; 9 (9)           ; 0 (0)      ; |robotmain|freqCounter:inst30|lpm_counter:lpm_counter_component|cntr_gsi:auto_generated  ; work         ;
;    |noteCounter:inst29|                   ; 6 (0)       ; 6            ; 0          ; 0    ; 0            ; 0 (0)        ; 0 (0)             ; 6 (0)            ; 6 (0)           ; 0 (0)      ; |robotmain|noteCounter:inst29                                                            ; work         ;
;       |lpm_counter:lpm_counter_component| ; 6 (0)       ; 6            ; 0          ; 0    ; 0            ; 0 (0)        ; 0 (0)             ; 6 (0)            ; 6 (0)           ; 0 (0)      ; |robotmain|noteCounter:inst29|lpm_counter:lpm_counter_component                          ; work         ;
;          |cntr_j7h:auto_generated|        ; 6 (6)       ; 6            ; 0          ; 0    ; 0            ; 0 (0)        ; 0 (0)             ; 6 (6)            ; 6 (6)           ; 0 (0)      ; |robotmain|noteCounter:inst29|lpm_counter:lpm_counter_component|cntr_j7h:auto_generated  ; work         ;
;    |octaveMux:inst10|                     ; 2 (0)       ; 0            ; 0          ; 0    ; 0            ; 2 (0)        ; 0 (0)             ; 0 (0)            ; 0 (0)           ; 0 (0)      ; |robotmain|octaveMux:inst10                                                              ; work         ;
;       |lpm_mux:lpm_mux_component|         ; 2 (0)       ; 0            ; 0          ; 0    ; 0            ; 2 (0)        ; 0 (0)             ; 0 (0)            ; 0 (0)           ; 0 (0)      ; |robotmain|octaveMux:inst10|lpm_mux:lpm_mux_component                                    ; work         ;
;          |mux_h9c:auto_generated|         ; 2 (2)       ; 0            ; 0          ; 0    ; 0            ; 2 (2)        ; 0 (0)             ; 0 (0)            ; 0 (0)           ; 0 (0)      ; |robotmain|octaveMux:inst10|lpm_mux:lpm_mux_component|mux_h9c:auto_generated             ; work         ;
+-------------------------------------------+-------------+--------------+------------+------+--------------+--------------+-------------------+------------------+-----------------+------------+------------------------------------------------------------------------------------------+--------------+
Note: For table entries with two numbers listed, the numbers in parentheses indicate the number of resources of the given type used by the specific entity alone. The numbers listed outside of parentheses indicate the total resources of the given type used by the specific entity and all of its sub-entities in the hierarchy.


+----------------------------------------------+
; Delay Chain Summary                          ;
+-------------------+----------+---------------+
; Name              ; Pin Type ; Pad to Core 0 ;
+-------------------+----------+---------------+
; Dip[1]            ; Input    ; 0             ;
; Hall              ; Input    ; 0             ;
; BlueTooth_RCV_In  ; Input    ; 0             ;
; Extra_Pin         ; Input    ; 0             ;
; Dip[0]            ; Input    ; 0             ;
; Button_1          ; Input    ; 0             ;
; Bumper            ; Input    ; 0             ;
; CDS_Cell          ; Input    ; 0             ;
; Button_2          ; Input    ; 0             ;
; Dip[2]            ; Input    ; 0             ;
; Clk_50MHZ         ; Input    ; 0             ;
; Blue_Tooth_TX_Out ; Output   ; --            ;
; Digit_1           ; Output   ; --            ;
; Digit_2           ; Output   ; --            ;
; Digit_3           ; Output   ; --            ;
; Digit_4           ; Output   ; --            ;
; LED_Blue          ; Output   ; --            ;
; LED_Green         ; Output   ; --            ;
; LED_RED           ; Output   ; --            ;
; Left_Servo        ; Output   ; --            ;
; Right_Servo       ; Output   ; --            ;
; Seg_A             ; Output   ; --            ;
; Seg_B             ; Output   ; --            ;
; Seg_C             ; Output   ; --            ;
; Seg_Colon         ; Output   ; --            ;
; Seg_D             ; Output   ; --            ;
; Seg_E             ; Output   ; --            ;
; Seg_F             ; Output   ; --            ;
; Seg_G             ; Output   ; --            ;
; Spare_Servo       ; Output   ; --            ;
; Speaker_74        ; Output   ; --            ;
; Speaker_82        ; Output   ; --            ;
; Front_IR_Sensor   ; Bidir    ; 0             ;
; Left_IR_Sensor    ; Bidir    ; 0             ;
; Right_IR_Sensor   ; Bidir    ; 0             ;
; BRight_IR_Sensor  ; Bidir    ; 0             ;
; BLeft_IR_Sensor   ; Bidir    ; 0             ;
+-------------------+----------+---------------+


+-------------------------------------------------------------------------------------------------------------------------------------------------------------------------------------+
; Control Signals                                                                                                                                                                     ;
+--------------------------------------------------------------------------------------+-------------+---------+-------------------+--------+----------------------+------------------+
; Name                                                                                 ; Location    ; Fan-Out ; Usage             ; Global ; Global Resource Used ; Global Line Name ;
+--------------------------------------------------------------------------------------+-------------+---------+-------------------+--------+----------------------+------------------+
; BigCount:inst23|lpm_counter:lpm_counter_component|cntr_49h:auto_generated|safe_q[14] ; LC_X4_Y1_N7 ; 2       ; Clock             ; no     ; --                   ; --               ;
; BigCount:inst23|lpm_counter:lpm_counter_component|cntr_49h:auto_generated|safe_q[21] ; LC_X5_Y1_N4 ; 8       ; Clock             ; yes    ; Global Clock         ; GCLK2            ;
; Clk_50MHZ                                                                            ; PIN_64      ; 25      ; Clock             ; yes    ; Global Clock         ; GCLK3            ;
; durCounter:inst31|lpm_counter:lpm_counter_component|cntr_esi:auto_generated|cout     ; LC_X7_Y3_N7 ; 14      ; Clock, Sync. load ; yes    ; Global Clock         ; GCLK0            ;
; freqCounter:inst30|lpm_counter:lpm_counter_component|cntr_gsi:auto_generated|cout    ; LC_X3_Y3_N8 ; 9       ; Clock, Sync. load ; no     ; --                   ; --               ;
; octaveMux:inst10|lpm_mux:lpm_mux_component|mux_h9c:auto_generated|result_node[0]     ; LC_X4_Y2_N9 ; 8       ; Clock             ; yes    ; Global Clock         ; GCLK1            ;
+--------------------------------------------------------------------------------------+-------------+---------+-------------------+--------+----------------------+------------------+


+--------------------------------------------------------------------------------------------------------------------------------------------------------+
; Global & Other Fast Signals                                                                                                                            ;
+--------------------------------------------------------------------------------------+-------------+---------+----------------------+------------------+
; Name                                                                                 ; Location    ; Fan-Out ; Global Resource Used ; Global Line Name ;
+--------------------------------------------------------------------------------------+-------------+---------+----------------------+------------------+
; BigCount:inst23|lpm_counter:lpm_counter_component|cntr_49h:auto_generated|safe_q[21] ; LC_X5_Y1_N4 ; 8       ; Global Clock         ; GCLK2            ;
; Clk_50MHZ                                                                            ; PIN_64      ; 25      ; Global Clock         ; GCLK3            ;
; durCounter:inst31|lpm_counter:lpm_counter_component|cntr_esi:auto_generated|cout     ; LC_X7_Y3_N7 ; 14      ; Global Clock         ; GCLK0            ;
; octaveMux:inst10|lpm_mux:lpm_mux_component|mux_h9c:auto_generated|result_node[0]     ; LC_X4_Y2_N9 ; 8       ; Global Clock         ; GCLK1            ;
+--------------------------------------------------------------------------------------+-------------+---------+----------------------+------------------+


+------------------------------------------------------------------------------------------------------------+
; Non-Global High Fan-Out Signals                                                                            ;
+--------------------------------------------------------------------------------------------------+---------+
; Name                                                                                             ; Fan-Out ;
+--------------------------------------------------------------------------------------------------+---------+
; noteCounter:inst29|lpm_counter:lpm_counter_component|cntr_j7h:auto_generated|safe_q[0]           ; 31      ;
; noteCounter:inst29|lpm_counter:lpm_counter_component|cntr_j7h:auto_generated|safe_q[2]           ; 29      ;
; noteCounter:inst29|lpm_counter:lpm_counter_component|cntr_j7h:auto_generated|safe_q[1]           ; 24      ;
; noteCounter:inst29|lpm_counter:lpm_counter_component|cntr_j7h:auto_generated|safe_q[4]           ; 21      ;
; noteCounter:inst29|lpm_counter:lpm_counter_component|cntr_j7h:auto_generated|safe_q[3]           ; 20      ;
; noteCounter:inst29|lpm_counter:lpm_counter_component|cntr_j7h:auto_generated|safe_q[5]           ; 17      ;
; BigCount:inst23|lpm_counter:lpm_counter_component|cntr_49h:auto_generated|safe_q[18]             ; 12      ;
; BigCount:inst23|lpm_counter:lpm_counter_component|cntr_49h:auto_generated|safe_q[17]             ; 11      ;
; freqCounter:inst30|lpm_counter:lpm_counter_component|cntr_gsi:auto_generated|cout                ; 9       ;
; Song_ROM:inst8|Mux2~160                                                                          ; 9       ;
; Song_ROM:inst8|Mux4~169                                                                          ; 8       ;
; Song_ROM:inst8|Mux3~186                                                                          ; 8       ;
; Song_ROM:inst8|Mux5~161                                                                          ; 8       ;
; Display_mux:inst24|lpm_mux:lpm_mux_component|mux_vld:auto_generated|result_node[3]~1             ; 7       ;
; Display_mux:inst24|lpm_mux:lpm_mux_component|mux_vld:auto_generated|result_node[2]~3             ; 7       ;
; Display_mux:inst24|lpm_mux:lpm_mux_component|mux_vld:auto_generated|result_node[1]~5             ; 7       ;
; Display_mux:inst24|lpm_mux:lpm_mux_component|mux_vld:auto_generated|result_node[0]~7             ; 7       ;
; BigCount:inst23|lpm_counter:lpm_counter_component|cntr_49h:auto_generated|counter_cella1~COUT    ; 5       ;
; BigCount:inst23|lpm_counter:lpm_counter_component|cntr_49h:auto_generated|counter_cella6~COUT    ; 5       ;
; BigCount:inst23|lpm_counter:lpm_counter_component|cntr_49h:auto_generated|counter_cella11~COUT   ; 5       ;
; Song_ROM:inst8|Mux8~295                                                                          ; 5       ;
; Song_ROM:inst8|Mux8~292                                                                          ; 5       ;
; BigCount:inst23|lpm_counter:lpm_counter_component|cntr_49h:auto_generated|counter_cella16~COUT   ; 5       ;
; freqCounter:inst30|lpm_counter:lpm_counter_component|cntr_gsi:auto_generated|counter_cella4~COUT ; 4       ;
; Song_ROM:inst8|Mux1~247                                                                          ; 4       ;
; Song_ROM:inst8|Mux7~253                                                                          ; 4       ;
; Song_ROM:inst8|Mux6~255                                                                          ; 4       ;
; durCounter:inst31|lpm_counter:lpm_counter_component|cntr_esi:auto_generated|counter_cella3~COUT  ; 3       ;
; inst28                                                                                           ; 3       ;
; BigCount:inst23|lpm_counter:lpm_counter_component|cntr_49h:auto_generated|counter_cella21~COUT   ; 3       ;
; BigCount:inst23|lpm_counter:lpm_counter_component|cntr_49h:auto_generated|safe_q[16]             ; 3       ;
; BigCount:inst23|lpm_counter:lpm_counter_component|cntr_49h:auto_generated|safe_q[15]             ; 3       ;
; Dip[2]                                                                                           ; 2       ;
; Button_2                                                                                         ; 2       ;
; Button_1                                                                                         ; 2       ;
; Dip[0]                                                                                           ; 2       ;
; BigCount:inst23|lpm_counter:lpm_counter_component|cntr_49h:auto_generated|safe_q[7]              ; 2       ;
; BigCount:inst23|lpm_counter:lpm_counter_component|cntr_49h:auto_generated|safe_q[9]              ; 2       ;
; Song_ROM:inst8|Mux0                                                                              ; 2       ;
; BigCount:inst23|lpm_counter:lpm_counter_component|cntr_49h:auto_generated|safe_q[6]              ; 2       ;
; Song_ROM:inst8|Mux1~245                                                                          ; 2       ;
; Song_ROM:inst8|Mux1~242                                                                          ; 2       ;
; BigCount:inst23|lpm_counter:lpm_counter_component|cntr_49h:auto_generated|safe_q[8]              ; 2       ;
; Song_ROM:inst8|Mux7~250                                                                          ; 2       ;
; BigCount:inst23|lpm_counter:lpm_counter_component|cntr_49h:auto_generated|safe_q[14]             ; 2       ;
; inst1~48                                                                                         ; 2       ;
; Song_ROM:inst8|Mux4~167                                                                          ; 2       ;
; Song_ROM:inst8|Mux3~183                                                                          ; 2       ;
; Song_ROM:inst8|Mux3~182                                                                          ; 2       ;
; noteCounter:inst29|lpm_counter:lpm_counter_component|cntr_j7h:auto_generated|counter_cella3~COUT ; 2       ;
+--------------------------------------------------------------------------------------------------+---------+


+-------------------------------------------------+
; Interconnect Usage Summary                      ;
+----------------------------+--------------------+
; Interconnect Resource Type ; Usage              ;
+----------------------------+--------------------+
; C4s                        ; 96 / 784 ( 12 % )  ;
; Direct links               ; 24 / 888 ( 3 % )   ;
; Global clocks              ; 4 / 4 ( 100 % )    ;
; LAB clocks                 ; 6 / 32 ( 19 % )    ;
; LUT chains                 ; 14 / 216 ( 6 % )   ;
; Local interconnects        ; 131 / 888 ( 15 % ) ;
; R4s                        ; 68 / 704 ( 10 % )  ;
+----------------------------+--------------------+


+---------------------------------------------------------------------------+
; LAB Logic Elements                                                        ;
+--------------------------------------------+------------------------------+
; Number of Logic Elements  (Average = 8.69) ; Number of LABs  (Total = 16) ;
+--------------------------------------------+------------------------------+
; 1                                          ; 0                            ;
; 2                                          ; 1                            ;
; 3                                          ; 0                            ;
; 4                                          ; 0                            ;
; 5                                          ; 0                            ;
; 6                                          ; 1                            ;
; 7                                          ; 3                            ;
; 8                                          ; 0                            ;
; 9                                          ; 0                            ;
; 10                                         ; 11                           ;
+--------------------------------------------+------------------------------+


+-------------------------------------------------------------------+
; LAB-wide Signals                                                  ;
+------------------------------------+------------------------------+
; LAB-wide Signals  (Average = 0.50) ; Number of LABs  (Total = 16) ;
+------------------------------------+------------------------------+
; 1 Clock                            ; 8                            ;
+------------------------------------+------------------------------+


+----------------------------------------------------------------------------+
; LAB Signals Sourced                                                        ;
+---------------------------------------------+------------------------------+
; Number of Signals Sourced  (Average = 8.69) ; Number of LABs  (Total = 16) ;
+---------------------------------------------+------------------------------+
; 0                                           ; 0                            ;
; 1                                           ; 0                            ;
; 2                                           ; 1                            ;
; 3                                           ; 0                            ;
; 4                                           ; 0                            ;
; 5                                           ; 0                            ;
; 6                                           ; 1                            ;
; 7                                           ; 3                            ;
; 8                                           ; 0                            ;
; 9                                           ; 0                            ;
; 10                                          ; 11                           ;
+---------------------------------------------+------------------------------+


+--------------------------------------------------------------------------------+
; LAB Signals Sourced Out                                                        ;
+-------------------------------------------------+------------------------------+
; Number of Signals Sourced Out  (Average = 4.88) ; Number of LABs  (Total = 16) ;
+-------------------------------------------------+------------------------------+
; 0                                               ; 0                            ;
; 1                                               ; 3                            ;
; 2                                               ; 1                            ;
; 3                                               ; 1                            ;
; 4                                               ; 2                            ;
; 5                                               ; 1                            ;
; 6                                               ; 3                            ;
; 7                                               ; 2                            ;
; 8                                               ; 2                            ;
; 9                                               ; 1                            ;
+-------------------------------------------------+------------------------------+


+----------------------------------------------------------------------------+
; LAB Distinct Inputs                                                        ;
+---------------------------------------------+------------------------------+
; Number of Distinct Inputs  (Average = 6.88) ; Number of LABs  (Total = 16) ;
+---------------------------------------------+------------------------------+
; 0                                           ; 0                            ;
; 1                                           ; 2                            ;
; 2                                           ; 2                            ;
; 3                                           ; 0                            ;
; 4                                           ; 3                            ;
; 5                                           ; 0                            ;
; 6                                           ; 1                            ;
; 7                                           ; 0                            ;
; 8                                           ; 2                            ;
; 9                                           ; 2                            ;
; 10                                          ; 1                            ;
; 11                                          ; 1                            ;
; 12                                          ; 1                            ;
; 13                                          ; 0                            ;
; 14                                          ; 0                            ;
; 15                                          ; 0                            ;
; 16                                          ; 0                            ;
; 17                                          ; 0                            ;
; 18                                          ; 0                            ;
; 19                                          ; 1                            ;
+---------------------------------------------+------------------------------+


+-------------------------------------------------------------------------+
; Fitter Device Options                                                   ;
+----------------------------------------------+--------------------------+
; Option                                       ; Setting                  ;
+----------------------------------------------+--------------------------+
; Enable user-supplied start-up clock (CLKUSR) ; Off                      ;
; Enable device-wide reset (DEV_CLRn)          ; Off                      ;
; Enable device-wide output enable (DEV_OE)    ; Off                      ;
; Enable INIT_DONE output                      ; Off                      ;
; Configuration scheme                         ; Passive Serial           ;
; Reserve all unused pins                      ; As output driving ground ;
; Base pin-out file on sameframe device        ; Off                      ;
+----------------------------------------------+--------------------------+


+-----------------+
; Fitter Messages ;
+-----------------+
Info: *******************************************************************
Info: Running Quartus II Fitter
    Info: Version 7.2 Build 207 03/18/2008 Service Pack 3 SJ Web Edition
    Info: Processing started: Mon Mar 18 08:37:46 2019
Info: Command: quartus_fit --read_settings_files=off --write_settings_files=off robotmain -c robotmain
Info: Selected device EPM240T100C5 for design "robotmain"
Warning: The high junction temperature operating condition is not set. Assuming a default value of '85'.
Warning: The low junction temperature operating condition is not set. Assuming a default value of '0'.
Info: Fitter is performing an Auto Fit compilation, which may decrease Fitter effort to reduce compilation time
Warning: Feature LogicLock incremental compilation is not available with your current license
Info: Device migration not selected. If you intend to use device migration later, you may need to change the pin assignments as they may be incompatible with other devices
    Info: Device EPM240T100I5 is compatible
    Info: Device EPM240T100A5 is compatible
    Info: Device EPM570T100C5 is compatible
    Info: Device EPM570T100I5 is compatible
    Info: Device EPM570T100A5 is compatible
Info: Fitter is using the Classic Timing Analyzer
Info: Timing requirements not specified -- optimizing circuit to achieve the following default global requirements
    Info: Assuming a global fmax requirement of 1000 MHz
    Info: Assuming a global tsu requirement of 2.0 ns
    Info: Assuming a global tco requirement of 1.0 ns
    Info: Assuming a global tpd requirement of 1.0 ns
Extra Info: Performing register packing on registers with non-logic cell location assignments
Extra Info: Completed register packing on registers with non-logic cell location assignments
Info: Completed User Assigned Global Signals Promotion Operation
Info: Automatically promoted signal "Clk_50MHZ" to use Global clock in PIN 64
Info: Automatically promoted signal "octaveMux:inst10|lpm_mux:lpm_mux_component|mux_h9c:auto_generated|result_node[0]" to use Global clock
Info: Automatically promoted some destinations of signal "BigCount:inst23|lpm_counter:lpm_counter_component|cntr_49h:auto_generated|safe_q[21]" to use Global clock
    Info: Destination "BigCount:inst23|lpm_counter:lpm_counter_component|cntr_49h:auto_generated|counter_cella21" may be non-global or may not use global clock
    Info: Destination "Display_mux:inst24|lpm_mux:lpm_mux_component|mux_vld:auto_generated|result_node[0]~7" may be non-global or may not use global clock
Info: Automatically promoted some destinations of signal "durCounter:inst31|lpm_counter:lpm_counter_component|cntr_esi:auto_generated|cout" to use Global clock
    Info: Destination "inst3" may be non-global or may not use global clock
    Info: Destination "inst4" may be non-global or may not use global clock
    Info: Destination "durCounter:inst31|lpm_counter:lpm_counter_component|cntr_esi:auto_generated|counter_cella5" may be non-global or may not use global clock
    Info: Destination "durCounter:inst31|lpm_counter:lpm_counter_component|cntr_esi:auto_generated|counter_cella4" may be non-global or may not use global clock
    Info: Destination "durCounter:inst31|lpm_counter:lpm_counter_component|cntr_esi:auto_generated|counter_cella3" may be non-global or may not use global clock
    Info: Destination "durCounter:inst31|lpm_counter:lpm_counter_component|cntr_esi:auto_generated|counter_cella2" may be non-global or may not use global clock
    Info: Destination "durCounter:inst31|lpm_counter:lpm_counter_component|cntr_esi:auto_generated|counter_cella1" may be non-global or may not use global clock
    Info: Destination "durCounter:inst31|lpm_counter:lpm_counter_component|cntr_esi:auto_generated|counter_cella0" may be non-global or may not use global clock
Info: Completed Auto Global Promotion Operation
Info: Starting register packing
Info: Fitter is using Normal packing mode for logic elements with Auto setting for Auto Packed Registers logic option
Extra Info: Moving registers into LUTs to improve timing and density
Info: Started processing fast register assignments
Info: Finished processing fast register assignments
Extra Info: Finished moving registers into LUTs: elapsed time is 00:00:00
Info: Finished register packing: elapsed time is 00:00:00
Warning: Ignored I/O standard assignments to the following nodes
    Warning: Ignored I/O standard assignment to node "Blue_Tooth_TX_out"
Warning: Ignored locations or region assignments to the following nodes
    Warning: Node "Blue_Tooth_TX_out" is assigned to location or region, but does not exist in design
Info: Fitter placement preparation operations beginning
Info: Fitter placement preparation operations ending: elapsed time is 00:00:00
Info: Fitter placement operations beginning
Info: Fitter placement was successful
Info: Fitter placement operations ending: elapsed time is 00:00:00
Info: Estimated most critical path is register to pin delay of 5.303 ns
    Info: 1: + IC(0.000 ns) + CELL(0.000 ns) = 0.000 ns; Loc. = LAB_X6_Y4; Fanout = 3; REG Node = 'inst28'
    Info: 2: + IC(1.156 ns) + CELL(0.200 ns) = 1.356 ns; Loc. = LAB_X6_Y4; Fanout = 1; COMB Node = 'inst3'
    Info: 3: + IC(1.625 ns) + CELL(2.322 ns) = 5.303 ns; Loc. = PIN_74; Fanout = 0; PIN Node = 'Speaker_74'
    Info: Total cell delay = 2.522 ns ( 47.56 % )
    Info: Total interconnect delay = 2.781 ns ( 52.44 % )
Info: Fitter routing operations beginning
Warning: 1 (of 410) connections in the design require a large routing delay to achieve hold requirements. Please check the circuit's timing constraints and clocking methodology, especially multicycles and gated clocks.
    Info: Found 1 Registers with very high hold time requirements
        Info: Node "inst18"
Info: Average interconnect usage is 10% of the available device resources
    Info: Peak interconnect usage is 10% of the available device resources in the region that extends from location X0_Y0 to location X8_Y5
Info: Fitter routing operations ending: elapsed time is 00:00:00
Info: The Fitter performed an Auto Fit compilation.  Optimizations were skipped to reduce compilation time.
    Info: Optimizations that may affect the design's routability were skipped
    Info: Optimizations that may affect the design's timing were skipped
Warning: Following 5 pins have no output enable or a GND or VCC output enable - later changes to this connectivity may change fitting results
    Info: Pin Front_IR_Sensor has a permanently disabled output enable
    Info: Pin Left_IR_Sensor has a permanently disabled output enable
    Info: Pin Right_IR_Sensor has a permanently disabled output enable
    Info: Pin BRight_IR_Sensor has a permanently disabled output enable
    Info: Pin BLeft_IR_Sensor has a permanently disabled output enable
Warning: Following 10 pins have nothing, GND, or VCC driving datain port -- changes to this connectivity may change fitting results
    Info: Pin Blue_Tooth_TX_Out has GND driving its datain port
    Info: Pin LED_Blue has GND driving its datain port
    Info: Pin LED_Green has GND driving its datain port
    Info: Pin LED_RED has GND driving its datain port
    Info: Pin Spare_Servo has GND driving its datain port
    Info: Pin Front_IR_Sensor has VCC driving its datain port
    Info: Pin Left_IR_Sensor has VCC driving its datain port
    Info: Pin Right_IR_Sensor has VCC driving its datain port
    Info: Pin BRight_IR_Sensor has VCC driving its datain port
    Info: Pin BLeft_IR_Sensor has VCC driving its datain port
Warning: The Reserve All Unused Pins setting has not been specified, and will default to 'As output driving ground'.
Info: Quartus II Fitter was successful. 0 errors, 11 warnings
    Info: Allocated 275 megabytes of memory during processing
    Info: Processing ended: Mon Mar 18 08:37:51 2019
    Info: Elapsed time: 00:00:05


